#
# There is insufficient memory for the Java Runtime Environment to continue.
# Native memory allocation (mmap) failed to map 266338304 bytes for G1 virtual space
# Possible reasons:
#   The system is out of physical RAM or swap space
#   The process is running with CompressedOops enabled, and the Java Heap may be blocking the growth of the native heap
# Possible solutions:
#   Reduce memory load on the system
#   Increase physical memory or swap space
#   Check if swap backing store is full
#   Decrease Java heap size (-Xmx/-Xms)
#   Decrease number of Java threads
#   Decrease Java thread stack sizes (-Xss)
#   Set larger code cache with -XX:ReservedCodeCacheSize=
#   JVM is running with Zero Based Compressed Oops mode in which the Java heap is
#     placed in the first 32GB address space. The Java Heap base address is the
#     maximum limit for the native heap growth. Please use -XX:HeapBaseMinAddress
#     to set the Java Heap base and to place the Java Heap above 32GB virtual address.
# This output file may be truncated or incomplete.
#
#  Out of Memory Error (os_windows.cpp:3617), pid=6332, tid=23580
#
# JRE version:  (17.0.8.1+1) (build )
# Java VM: OpenJDK 64-Bit Server VM (17.0.8.1+1, mixed mode, sharing, tiered, compressed oops, compressed class ptrs, g1 gc, windows-amd64)
# No core dump will be written. Minidumps are not enabled by default on client versions of Windows
#

---------------  S U M M A R Y ------------

Command Line: -javaagent:E:\JetBrains\IntelliJ IDEA 2023.2\lib\idea_rt.jar=62955:E:\JetBrains\IntelliJ IDEA 2023.2\bin -Dfile.encoding=UTF-8 com.heyu.train.generator.server.ServerGenerator

Host: 11th Gen Intel(R) Core(TM) i5-11300H @ 3.10GHz, 8 cores, 15G,  Windows 10 , 64 bit Build 19041 (10.0.19041.3636)
Time: Thu Apr 11 19:22:17 2024  Windows 10 , 64 bit Build 19041 (10.0.19041.3636) elapsed time: 0.018156 seconds (0d 0h 0m 0s)

---------------  T H R E A D  ---------------

Current thread (0x0000029361b085a0):  JavaThread "Unknown thread" [_thread_in_vm, id=23580, stack(0x0000009860f00000,0x0000009861000000)]

Stack: [0x0000009860f00000,0x0000009861000000]
Native frames: (J=compiled Java code, j=interpreted, Vv=VM code, C=native code)
V  [jvm.dll+0x678b0a]
V  [jvm.dll+0x835e84]
V  [jvm.dll+0x83762e]
V  [jvm.dll+0x837c93]
V  [jvm.dll+0x24746f]
V  [jvm.dll+0x675859]
V  [jvm.dll+0x66a0ea]
V  [jvm.dll+0x306c7b]
V  [jvm.dll+0x30e166]
V  [jvm.dll+0x35dd3e]
V  [jvm.dll+0x35df6f]
V  [jvm.dll+0x2ddb48]
V  [jvm.dll+0x2deab4]
V  [jvm.dll+0x807f31]
V  [jvm.dll+0x36bb21]
V  [jvm.dll+0x7e733c]
V  [jvm.dll+0x3ee4af]
V  [jvm.dll+0x3f00c1]
C  [jli.dll+0x528b]
C  [ucrtbase.dll+0x21bb2]
C  [KERNEL32.DLL+0x17344]
C  [ntdll.dll+0x526b1]


---------------  P R O C E S S  ---------------

Threads class SMR info:
_java_thread_list=0x00007ffde72aa018, length=0, elements={
}

Java Threads: ( => current thread )

Other Threads:
  0x0000029361b736c0 GCTaskThread "GC Thread#0" [stack: 0x0000009861000000,0x0000009861100000] [id=5736]
  0x0000029361b862b0 ConcurrentGCThread "G1 Main Marker" [stack: 0x0000009861100000,0x0000009861200000] [id=19784]
  0x0000029361b87460 ConcurrentGCThread "G1 Conc#0" [stack: 0x0000009861200000,0x0000009861300000] [id=22196]

[error occurred during error reporting (printing all threads), id 0xc0000005, EXCEPTION_ACCESS_VIOLATION (0xc0000005) at pc=0x00007ffde6a7e587]

VM state: not at safepoint (not fully initialized)

VM Mutex/Monitor currently owned by a thread:  ([mutex/lock_event])
[0x0000029361b03e60] Heap_lock - owner thread: 0x0000029361b085a0

Heap address: 0x0000000703600000, size: 4042 MB, Compressed Oops mode: Zero based, Oop shift amount: 3

CDS archive(s) mapped at: [0x0000000000000000-0x0000000000000000-0x0000000000000000), size 0, SharedBaseAddress: 0x0000000800000000, ArchiveRelocationMode: 1.
Narrow klass base: 0x0000000000000000, Narrow klass shift: 0, Narrow klass range: 0x0

GC Precious Log:
<Empty>

Heap:
 garbage-first heap   total 0K, used 0K [0x0000000703600000, 0x0000000800000000)
  region size 2048K, 0 young (0K), 0 survivors (0K)

[error occurred during error reporting (printing heap information), id 0xc0000005, EXCEPTION_ACCESS_VIOLATION (0xc0000005) at pc=0x00007ffde6e62699]

GC Heap History (0 events):
No events

Dll operation events (1 events):
Event: 0.011 Loaded shared library C:\Program Files\Java\jdk-17.0.8.1+1\bin\java.dll

Deoptimization events (0 events):
No events

Classes unloaded (0 events):
No events

Classes redefined (0 events):
No events

Internal exceptions (0 events):
No events

VM Operations (0 events):
No events

Events (0 events):
No events


Dynamic libraries:
0x00007ff62d860000 - 0x00007ff62d86e000 	C:\Program Files\Java\jdk-17.0.8.1+1\bin\java.exe
0x00007ffe85170000 - 0x00007ffe85368000 	C:\WINDOWS\SYSTEM32\ntdll.dll
0x00007ffe83800000 - 0x00007ffe838bd000 	C:\WINDOWS\System32\KERNEL32.DLL
0x00007ffe82d20000 - 0x00007ffe83016000 	C:\WINDOWS\System32\KERNELBASE.dll
0x00007ffe82b20000 - 0x00007ffe82c20000 	C:\WINDOWS\System32\ucrtbase.dll
0x00007ffe5e6e0000 - 0x00007ffe5e6f9000 	C:\Program Files\Java\jdk-17.0.8.1+1\bin\VCRUNTIME140.dll
0x00007ffe5f0f0000 - 0x00007ffe5f107000 	C:\Program Files\Java\jdk-17.0.8.1+1\bin\jli.dll
0x00007ffe84960000 - 0x00007ffe84afe000 	C:\WINDOWS\System32\USER32.dll
0x00007ffe82af0000 - 0x00007ffe82b12000 	C:\WINDOWS\System32\win32u.dll
0x00007ffe837d0000 - 0x00007ffe837fb000 	C:\WINDOWS\System32\GDI32.dll
0x00007ffe6d1f0000 - 0x00007ffe6d48a000 	C:\WINDOWS\WinSxS\amd64_microsoft.windows.common-controls_6595b64144ccf1df_6.0.19041.3636_none_60b6a03d71f818d5\COMCTL32.dll
0x00007ffe828a0000 - 0x00007ffe829b7000 	C:\WINDOWS\System32\gdi32full.dll
0x00007ffe829c0000 - 0x00007ffe82a5d000 	C:\WINDOWS\System32\msvcp_win.dll
0x00007ffe838c0000 - 0x00007ffe8395e000 	C:\WINDOWS\System32\msvcrt.dll
0x00007ffe84ce0000 - 0x00007ffe84d12000 	C:\WINDOWS\System32\IMM32.DLL
0x00007ffe73700000 - 0x00007ffe7370c000 	C:\Program Files\Java\jdk-17.0.8.1+1\bin\vcruntime140_1.dll
0x00007ffe097b0000 - 0x00007ffe09841000 	C:\Program Files\Java\jdk-17.0.8.1+1\bin\msvcp140.dll
0x00007ffde6790000 - 0x00007ffde73dc000 	C:\Program Files\Java\jdk-17.0.8.1+1\bin\server\jvm.dll
0x00007ffe84c10000 - 0x00007ffe84cc3000 	C:\WINDOWS\System32\ADVAPI32.dll
0x00007ffe84b00000 - 0x00007ffe84b9f000 	C:\WINDOWS\System32\sechost.dll
0x00007ffe84e80000 - 0x00007ffe84fa6000 	C:\WINDOWS\System32\RPCRT4.dll
0x00007ffe83020000 - 0x00007ffe83047000 	C:\WINDOWS\System32\bcrypt.dll
0x00007ffe81dd0000 - 0x00007ffe81e1b000 	C:\WINDOWS\SYSTEM32\POWRPROF.dll
0x00007ffe7bcb0000 - 0x00007ffe7bcba000 	C:\WINDOWS\SYSTEM32\VERSION.dll
0x00007ffe7fd20000 - 0x00007ffe7fd29000 	C:\WINDOWS\SYSTEM32\WSOCK32.dll
0x00007ffe677d0000 - 0x00007ffe677f7000 	C:\WINDOWS\SYSTEM32\WINMM.dll
0x00007ffe84ba0000 - 0x00007ffe84c0b000 	C:\WINDOWS\System32\WS2_32.dll
0x00007ffe81c40000 - 0x00007ffe81c52000 	C:\WINDOWS\SYSTEM32\UMPDC.dll
0x00007ffe806c0000 - 0x00007ffe806d2000 	C:\WINDOWS\SYSTEM32\kernel.appcore.dll
0x00007ffe6c850000 - 0x00007ffe6c85a000 	C:\Program Files\Java\jdk-17.0.8.1+1\bin\jimage.dll
0x00007ffe7e0e0000 - 0x00007ffe7e2c4000 	C:\WINDOWS\SYSTEM32\DBGHELP.DLL
0x00007ffe69cc0000 - 0x00007ffe69cf4000 	C:\WINDOWS\SYSTEM32\dbgcore.DLL
0x00007ffe82a60000 - 0x00007ffe82ae2000 	C:\WINDOWS\System32\bcryptPrimitives.dll
0x00007ffe7df50000 - 0x00007ffe7df5e000 	C:\Program Files\Java\jdk-17.0.8.1+1\bin\instrument.dll
0x00007ffe40d70000 - 0x00007ffe40d95000 	C:\Program Files\Java\jdk-17.0.8.1+1\bin\java.dll

dbghelp: loaded successfully - version: 4.0.5 - missing functions: none
symbol engine: initialized successfully - sym options: 0x614 - pdb path: .;C:\Program Files\Java\jdk-17.0.8.1+1\bin;C:\WINDOWS\SYSTEM32;C:\WINDOWS\WinSxS\amd64_microsoft.windows.common-controls_6595b64144ccf1df_6.0.19041.3636_none_60b6a03d71f818d5;C:\Program Files\Java\jdk-17.0.8.1+1\bin\server

VM Arguments:
jvm_args: -javaagent:E:\JetBrains\IntelliJ IDEA 2023.2\lib\idea_rt.jar=62955:E:\JetBrains\IntelliJ IDEA 2023.2\bin -Dfile.encoding=UTF-8 
java_command: com.heyu.train.generator.server.ServerGenerator
java_class_path (initial): E:\IdeaProhect\train12306\generator\target\classes;E:\repository\org\freemarker\freemarker\2.3.31\freemarker-2.3.31.jar;E:\repository\cn\hutool\hutool-all\5.8.25\hutool-all-5.8.25.jar;E:\repository\org\dom4j\dom4j\2.1.3\dom4j-2.1.3.jar;E:\repository\jaxen\jaxen\1.2.0\jaxen-1.2.0.jar;E:\repository\io\springfox\springfox-boot-starter\3.0.0\springfox-boot-starter-3.0.0.jar;E:\repository\io\springfox\springfox-oas\3.0.0\springfox-oas-3.0.0.jar;E:\repository\io\swagger\core\v3\swagger-annotations\2.1.2\swagger-annotations-2.1.2.jar;E:\repository\io\swagger\core\v3\swagger-models\2.1.2\swagger-models-2.1.2.jar;E:\repository\com\fasterxml\jackson\core\jackson-annotations\2.14.1\jackson-annotations-2.14.1.jar;E:\repository\io\springfox\springfox-spi\3.0.0\springfox-spi-3.0.0.jar;E:\repository\io\springfox\springfox-schema\3.0.0\springfox-schema-3.0.0.jar;E:\repository\io\springfox\springfox-core\3.0.0\springfox-core-3.0.0.jar;E:\repository\net\bytebuddy\byte-buddy\1.12.19\byte-buddy-1.12.19.jar;E:\repository\io\springfox\springfox-spring-web\3.0.0\springfox-spring-web-3.0.0.jar;E:\repository\io\github\classgraph\classgraph\4.8.83\classgraph-4.8.83.jar;E:\repository\io\springfox\springfox-spring-webmvc\3.0.0\springfox-spring-webmvc-3.0.0.jar;E:\repository\io\springfox\springfox-spring-webflux\3.0.0\springfox-spring-webflux-3.0.0.jar;E:\repository\io\springfox\springfox-swagger-common\3.0.0\springfox-swagger-common-3.0.0.jar;E:\repository\org\mapstruct\mapstruct\1.3.1.Final\mapstruct-1.3.1.Final.jar;E:\repository\io\springfox\springfox-data-rest\3.0.0\springfox-data-rest-3.0.0.jar;E:\repository\io\springfox\springfox-bean-validators\3.0.0\springfox-bean-validators-3.0.0.jar;E:\repository\io\springfox\springfox-swagger2\3.0.0\springfox-swagger2-3.0.0.jar;E:\repository\io\swagger\swagger-annotations\1.5.20\swagger-annotations-1.5.20.jar;E:\repository\io\swagger\swagger-models\1.5.20\swagger-models-1.5.20.jar;E:\repository\io\springfox\springfox-swag
Launcher Type: SUN_STANDARD

[Global flags]
     intx CICompilerCount                          = 4                                         {product} {ergonomic}
     uint ConcGCThreads                            = 2                                         {product} {ergonomic}
     uint G1ConcRefinementThreads                  = 8                                         {product} {ergonomic}
   size_t G1HeapRegionSize                         = 2097152                                   {product} {ergonomic}
    uintx GCDrainStackTargetSize                   = 64                                        {product} {ergonomic}
   size_t InitialHeapSize                          = 266338304                                 {product} {ergonomic}
   size_t MarkStackSize                            = 4194304                                   {product} {ergonomic}
   size_t MaxHeapSize                              = 4238344192                                {product} {ergonomic}
   size_t MinHeapDeltaBytes                        = 2097152                                   {product} {ergonomic}
   size_t MinHeapSize                              = 8388608                                   {product} {ergonomic}
    uintx NonNMethodCodeHeapSize                   = 5839372                                {pd product} {ergonomic}
    uintx NonProfiledCodeHeapSize                  = 122909434                              {pd product} {ergonomic}
    uintx ProfiledCodeHeapSize                     = 122909434                              {pd product} {ergonomic}
    uintx ReservedCodeCacheSize                    = 251658240                              {pd product} {ergonomic}
     bool SegmentedCodeCache                       = true                                      {product} {ergonomic}
   size_t SoftMaxHeapSize                          = 4238344192                             {manageable} {ergonomic}
     bool UseCompressedClassPointers               = true                           {product lp64_product} {ergonomic}
     bool UseCompressedOops                        = true                           {product lp64_product} {ergonomic}
     bool UseG1GC                                  = true                                      {product} {ergonomic}
     bool UseLargePagesIndividualAllocation        = false                                  {pd product} {ergonomic}

Logging:
Log output configuration:
 #0: stdout all=warning uptime,level,tags
 #1: stderr all=off uptime,level,tags

Environment Variables:
JAVA_HOME=D:\Graalvm\graalvm-ce-java17-22.3.0
CLASSPATH=.;D:\Graalvm\graalvm-ce-java17-22.3.0\lib\dt.jar;D:\Graalvm\graalvm-ce-java17-22.3.0 \lib\tools.jar
PATH=C:\Program Files\Java\jdk-17.0.8.1+1\bin;E:\bin\;D:\ffmpeg-2023-04-17-git-65e537b833-full_build\bin;C:\Program Files (x86)\Common Files\Intel\Shared Libraries\redist\intel64_win\compiler;C:\Program Files (x86)\Common Files\Intel\Shared Libraries\redist\intel64\compiler;C:\Program Files\Common Files\Oracle\Java\javapath;C:\Program Files\MySQL\MySQL Server 8.0\bin;C:\Program Files\PlasticSCM5\server;C:\Program Files\PlasticSCM5\client;C:\WINDOWS\system32;C:\WINDOWS;C:\WINDOWS\System32\Wbem;C:\WINDOWS\System32\WindowsPowerShell\v1.0\;C:\WINDOWS\System32\OpenSSH\;C:\Program Files\Microsoft SQL Server\150\Tools\Binn\;C:\Program Files\Microsoft SQL Server\Client SDK\ODBC\170\Tools\Binn\;C:\Program Files\dotnet\;C:\Program Files\Common Files\Autodesk Shared\;C:\Program Files (x86)\QuickTime\QTSystem\;C:\Program Files\Java\jdk-19\bin;C:\Program Files\Java\jdk-19\jre\bin;E:\Xftp 7\;C:\Program Files\Go\bin;E:\Git\cmd;E:\新建文件夹 (5)\微信web开发者工具\dll;D:\Redis\;C:\ProgramData\chocolatey\bin;E:\nvm;E:\Node;C:\Program Files\Java\jdk-17.0.8.1+1\bin;C:\Users\lenovo\AppData\Local\Programs\Python\Python310\Scripts\;C:\Users\lenovo\AppData\Local\Programs\Python\Python310\;C:\Program Files\MySQL\MySQL Shell 8.0\bin\;C:\Users\lenovo\AppData\Local\Microsoft\WindowsApps;E:\JetBrains\IntelliJ IDEA 2023.2\bin;;C:\Users\lenovo\.dotnet\tools;E:\apache-maven-3.8.4\bin;C:\Users\lenovo\AppData\Roaming\Tencent\QQGameTempest\Hall.57821\;C:\Users\lenovo\.dotnet\tools;C:\Users\lenovo\go\bin;E:\JetBrains\新建文件夹\GoLand 2023.2\bin;;C:\Users\lenovo\AppData\Roaming\npm;E:\Microsoft VS Code\bin;E:\Pycharm\PyCharm 2023.2.1\bin;;E:\nvm;E:\Node;
USERNAME=lenovo
OS=Windows_NT
PROCESSOR_IDENTIFIER=Intel64 Family 6 Model 140 Stepping 1, GenuineIntel
TMP=C:\Users\lenovo\AppData\Local\Temp
TEMP=C:\Users\lenovo\AppData\Local\Temp



---------------  S Y S T E M  ---------------

OS:
 Windows 10 , 64 bit Build 19041 (10.0.19041.3636)
OS uptime: 0 days 6:10 hours

CPU: total 8 (initial active 8) (4 cores per cpu, 2 threads per core) family 6 model 140 stepping 1 microcode 0x8a, cx8, cmov, fxsr, ht, mmx, 3dnowpref, sse, sse2, sse3, ssse3, sse4.1, sse4.2, popcnt, lzcnt, tsc, tscinvbit, avx, avx2, aes, erms, clmul, bmi1, bmi2, adx, avx512f, avx512dq, avx512cd, avx512bw, avx512vl, sha, fma, vzeroupper, avx512_vpopcntdq, avx512_vpclmulqdq, avx512_vaes, avx512_vnni, clflush, clflushopt, clwb, avx512_vbmi2, avx512_vbmi
Processor Information for all 8 processors :
  Max Mhz: 3110, Current Mhz: 3110, Mhz Limit: 3110

Memory: 4k page, system-wide physical 16167M (526M free)
TotalPageFile size 20427M (AvailPageFile size 122M)
current process WorkingSet (physical memory assigned to process): 11M, peak: 11M
current process commit charge ("private bytes"): 60M, peak: 314M

vm_info: OpenJDK 64-Bit Server VM (17.0.8.1+1) for windows-amd64 JRE (17.0.8.1+1), built on Aug 23 2023 15:29:17 by "admin" with MS VC++ 16.7 (VS2019)

END.
