#
# There is insufficient memory for the Java Runtime Environment to continue.
# Native memory allocation (mmap) failed to map 266338304 bytes for G1 virtual space
# Possible reasons:
#   The system is out of physical RAM or swap space
#   The process is running with CompressedOops enabled, and the Java Heap may be blocking the growth of the native heap
# Possible solutions:
#   Reduce memory load on the system
#   Increase physical memory or swap space
#   Check if swap backing store is full
#   Decrease Java heap size (-Xmx/-Xms)
#   Decrease number of Java threads
#   Decrease Java thread stack sizes (-Xss)
#   Set larger code cache with -XX:ReservedCodeCacheSize=
#   JVM is running with Zero Based Compressed Oops mode in which the Java heap is
#     placed in the first 32GB address space. The Java Heap base address is the
#     maximum limit for the native heap growth. Please use -XX:HeapBaseMinAddress
#     to set the Java Heap base and to place the Java Heap above 32GB virtual address.
# This output file may be truncated or incomplete.
#
#  Out of Memory Error (os_windows.cpp:3617), pid=24128, tid=26748
#
# JRE version:  (17.0.8.1+1) (build )
# Java VM: OpenJDK 64-Bit Server VM (17.0.8.1+1, mixed mode, emulated-client, sharing, tiered, compressed oops, compressed class ptrs, g1 gc, windows-amd64)
# No core dump will be written. Minidumps are not enabled by default on client versions of Windows
#

---------------  S U M M A R Y ------------

Command Line: -XX:TieredStopAtLevel=1 -Dspring.output.ansi.enabled=always -Dcom.sun.management.jmxremote -Dspring.jmx.enabled=true -Dspring.liveBeansView.mbeanDomain -Dspring.application.admin.enabled=true -Dmanagement.endpoints.jmx.exposure.include=* -javaagent:E:\JetBrains\IntelliJ IDEA 2023.2\lib\idea_rt.jar=62218:E:\JetBrains\IntelliJ IDEA 2023.2\bin -Dfile.encoding=UTF-8 com.heyu.train.member.config.MemberApplication

Host: 11th Gen Intel(R) Core(TM) i5-11300H @ 3.10GHz, 8 cores, 15G,  Windows 10 , 64 bit Build 19041 (10.0.19041.3636)
Time: Sat Apr  6 10:13:22 2024  Windows 10 , 64 bit Build 19041 (10.0.19041.3636) elapsed time: 0.022226 seconds (0d 0h 0m 0s)

---------------  T H R E A D  ---------------

Current thread (0x00000223f18afba0):  JavaThread "Unknown thread" [_thread_in_vm, id=26748, stack(0x000000a619400000,0x000000a619500000)]

Stack: [0x000000a619400000,0x000000a619500000]
Native frames: (J=compiled Java code, j=interpreted, Vv=VM code, C=native code)
V  [jvm.dll+0x678b0a]
V  [jvm.dll+0x835e84]
V  [jvm.dll+0x83762e]
V  [jvm.dll+0x837c93]
V  [jvm.dll+0x24746f]
V  [jvm.dll+0x675859]
V  [jvm.dll+0x66a0ea]
V  [jvm.dll+0x306c7b]
V  [jvm.dll+0x30e166]
V  [jvm.dll+0x35dd3e]
V  [jvm.dll+0x35df6f]
V  [jvm.dll+0x2ddb48]
V  [jvm.dll+0x2deab4]
V  [jvm.dll+0x807f31]
V  [jvm.dll+0x36bb21]
V  [jvm.dll+0x7e733c]
V  [jvm.dll+0x3ee4af]
V  [jvm.dll+0x3f00c1]
C  [jli.dll+0x528b]
C  [ucrtbase.dll+0x21bb2]
C  [KERNEL32.DLL+0x17344]
C  [ntdll.dll+0x526b1]


---------------  P R O C E S S  ---------------

Threads class SMR info:
_java_thread_list=0x00007ff97531a018, length=0, elements={
}

Java Threads: ( => current thread )

Other Threads:
  0x00000223f1919580 GCTaskThread "GC Thread#0" [stack: 0x000000a619500000,0x000000a619600000] [id=20576]
  0x00000223f192c690 ConcurrentGCThread "G1 Main Marker" [stack: 0x000000a619600000,0x000000a619700000] [id=15504]
  0x00000223f192e760 ConcurrentGCThread "G1 Conc#0" [stack: 0x000000a619700000,0x000000a619800000] [id=20756]

[error occurred during error reporting (printing all threads), id 0xc0000005, EXCEPTION_ACCESS_VIOLATION (0xc0000005) at pc=0x00007ff974aee587]

VM state: not at safepoint (not fully initialized)

VM Mutex/Monitor currently owned by a thread:  ([mutex/lock_event])
[0x00000223f18aba60] Heap_lock - owner thread: 0x00000223f18afba0

Heap address: 0x0000000703600000, size: 4042 MB, Compressed Oops mode: Zero based, Oop shift amount: 3

CDS archive(s) mapped at: [0x0000000000000000-0x0000000000000000-0x0000000000000000), size 0, SharedBaseAddress: 0x0000000800000000, ArchiveRelocationMode: 1.
Narrow klass base: 0x0000000000000000, Narrow klass shift: 0, Narrow klass range: 0x0

GC Precious Log:
<Empty>

Heap:
 garbage-first heap   total 0K, used 0K [0x0000000703600000, 0x0000000800000000)
  region size 2048K, 0 young (0K), 0 survivors (0K)

[error occurred during error reporting (printing heap information), id 0xc0000005, EXCEPTION_ACCESS_VIOLATION (0xc0000005) at pc=0x00007ff974ed2699]

GC Heap History (0 events):
No events

Dll operation events (1 events):
Event: 0.014 Loaded shared library C:\Program Files\Java\jdk-17.0.8.1+1\bin\java.dll

Deoptimization events (0 events):
No events

Classes unloaded (0 events):
No events

Classes redefined (0 events):
No events

Internal exceptions (0 events):
No events

VM Operations (0 events):
No events

Events (0 events):
No events


Dynamic libraries:
0x00007ff7e1ed0000 - 0x00007ff7e1ede000 	C:\Program Files\Java\jdk-17.0.8.1+1\bin\java.exe
0x00007ff9e3d50000 - 0x00007ff9e3f48000 	C:\WINDOWS\SYSTEM32\ntdll.dll
0x00007ff9e20c0000 - 0x00007ff9e217d000 	C:\WINDOWS\System32\KERNEL32.DLL
0x00007ff9e1a90000 - 0x00007ff9e1d86000 	C:\WINDOWS\System32\KERNELBASE.dll
0x00007ff9e1990000 - 0x00007ff9e1a90000 	C:\WINDOWS\System32\ucrtbase.dll
0x00007ff9d9040000 - 0x00007ff9d9057000 	C:\Program Files\Java\jdk-17.0.8.1+1\bin\jli.dll
0x00007ff9d7500000 - 0x00007ff9d7519000 	C:\Program Files\Java\jdk-17.0.8.1+1\bin\VCRUNTIME140.dll
0x00007ff9e2d70000 - 0x00007ff9e2f0e000 	C:\WINDOWS\System32\USER32.dll
0x00007ff9e1600000 - 0x00007ff9e1622000 	C:\WINDOWS\System32\win32u.dll
0x00007ff9e25b0000 - 0x00007ff9e25db000 	C:\WINDOWS\System32\GDI32.dll
0x00007ff9e16f0000 - 0x00007ff9e1807000 	C:\WINDOWS\System32\gdi32full.dll
0x00007ff9c41d0000 - 0x00007ff9c446a000 	C:\WINDOWS\WinSxS\amd64_microsoft.windows.common-controls_6595b64144ccf1df_6.0.19041.3636_none_60b6a03d71f818d5\COMCTL32.dll
0x00007ff9e18c0000 - 0x00007ff9e195d000 	C:\WINDOWS\System32\msvcp_win.dll
0x00007ff9e1e90000 - 0x00007ff9e1f2e000 	C:\WINDOWS\System32\msvcrt.dll
0x00007ff9e2d30000 - 0x00007ff9e2d62000 	C:\WINDOWS\System32\IMM32.DLL
0x00007ff9d90a0000 - 0x00007ff9d90ac000 	C:\Program Files\Java\jdk-17.0.8.1+1\bin\vcruntime140_1.dll
0x00007ff975fe0000 - 0x00007ff976071000 	C:\Program Files\Java\jdk-17.0.8.1+1\bin\msvcp140.dll
0x00007ff974800000 - 0x00007ff97544c000 	C:\Program Files\Java\jdk-17.0.8.1+1\bin\server\jvm.dll
0x00007ff9e31a0000 - 0x00007ff9e3253000 	C:\WINDOWS\System32\ADVAPI32.dll
0x00007ff9e3720000 - 0x00007ff9e37bf000 	C:\WINDOWS\System32\sechost.dll
0x00007ff9e3070000 - 0x00007ff9e3196000 	C:\WINDOWS\System32\RPCRT4.dll
0x00007ff9e1960000 - 0x00007ff9e1987000 	C:\WINDOWS\System32\bcrypt.dll
0x00007ff9e09b0000 - 0x00007ff9e09fb000 	C:\WINDOWS\SYSTEM32\POWRPROF.dll
0x00007ff9c6260000 - 0x00007ff9c6269000 	C:\WINDOWS\SYSTEM32\WSOCK32.dll
0x00007ff9e3280000 - 0x00007ff9e32eb000 	C:\WINDOWS\System32\WS2_32.dll
0x00007ff9c8070000 - 0x00007ff9c8097000 	C:\WINDOWS\SYSTEM32\WINMM.dll
0x00007ff9daa90000 - 0x00007ff9daa9a000 	C:\WINDOWS\SYSTEM32\VERSION.dll
0x00007ff9e0820000 - 0x00007ff9e0832000 	C:\WINDOWS\SYSTEM32\UMPDC.dll
0x00007ff9df2a0000 - 0x00007ff9df2b2000 	C:\WINDOWS\SYSTEM32\kernel.appcore.dll
0x00007ff9d25a0000 - 0x00007ff9d25aa000 	C:\Program Files\Java\jdk-17.0.8.1+1\bin\jimage.dll
0x00007ff9dccc0000 - 0x00007ff9dcea4000 	C:\WINDOWS\SYSTEM32\DBGHELP.DLL
0x00007ff9d2970000 - 0x00007ff9d29a4000 	C:\WINDOWS\SYSTEM32\dbgcore.DLL
0x00007ff9e1570000 - 0x00007ff9e15f2000 	C:\WINDOWS\System32\bcryptPrimitives.dll
0x00007ff9d8fb0000 - 0x00007ff9d8fbe000 	C:\Program Files\Java\jdk-17.0.8.1+1\bin\instrument.dll
0x00007ff9c51b0000 - 0x00007ff9c51d5000 	C:\Program Files\Java\jdk-17.0.8.1+1\bin\java.dll

dbghelp: loaded successfully - version: 4.0.5 - missing functions: none
symbol engine: initialized successfully - sym options: 0x614 - pdb path: .;C:\Program Files\Java\jdk-17.0.8.1+1\bin;C:\WINDOWS\SYSTEM32;C:\WINDOWS\WinSxS\amd64_microsoft.windows.common-controls_6595b64144ccf1df_6.0.19041.3636_none_60b6a03d71f818d5;C:\Program Files\Java\jdk-17.0.8.1+1\bin\server

VM Arguments:
jvm_args: -XX:TieredStopAtLevel=1 -Dspring.output.ansi.enabled=always -Dcom.sun.management.jmxremote -Dspring.jmx.enabled=true -Dspring.liveBeansView.mbeanDomain -Dspring.application.admin.enabled=true -Dmanagement.endpoints.jmx.exposure.include=* -javaagent:E:\JetBrains\IntelliJ IDEA 2023.2\lib\idea_rt.jar=62218:E:\JetBrains\IntelliJ IDEA 2023.2\bin -Dfile.encoding=UTF-8 
java_command: com.heyu.train.member.config.MemberApplication
java_class_path (initial): E:\IdeaProhect\train12306\member\target\classes;E:\IdeaProhect\train12306\common\target\classes;E:\repository\org\springframework\boot\spring-boot-starter-web\3.0.0\spring-boot-starter-web-3.0.0.jar;E:\repository\org\springframework\boot\spring-boot-starter-json\3.0.0\spring-boot-starter-json-3.0.0.jar;E:\repository\com\fasterxml\jackson\core\jackson-databind\2.14.1\jackson-databind-2.14.1.jar;E:\repository\com\fasterxml\jackson\core\jackson-core\2.14.1\jackson-core-2.14.1.jar;E:\repository\com\fasterxml\jackson\datatype\jackson-datatype-jdk8\2.14.1\jackson-datatype-jdk8-2.14.1.jar;E:\repository\com\fasterxml\jackson\datatype\jackson-datatype-jsr310\2.14.1\jackson-datatype-jsr310-2.14.1.jar;E:\repository\com\fasterxml\jackson\module\jackson-module-parameter-names\2.14.1\jackson-module-parameter-names-2.14.1.jar;E:\repository\org\springframework\boot\spring-boot-starter-tomcat\3.0.0\spring-boot-starter-tomcat-3.0.0.jar;E:\repository\org\apache\tomcat\embed\tomcat-embed-core\10.1.1\tomcat-embed-core-10.1.1.jar;E:\repository\org\apache\tomcat\embed\tomcat-embed-websocket\10.1.1\tomcat-embed-websocket-10.1.1.jar;E:\repository\org\springframework\spring-web\6.0.2\spring-web-6.0.2.jar;E:\repository\io\micrometer\micrometer-observation\1.10.2\micrometer-observation-1.10.2.jar;E:\repository\io\micrometer\micrometer-commons\1.10.2\micrometer-commons-1.10.2.jar;E:\repository\org\springframework\spring-webmvc\6.0.2\spring-webmvc-6.0.2.jar;E:\repository\org\springframework\spring-expression\6.0.2\spring-expression-6.0.2.jar;E:\repository\org\springframework\boot\spring-boot-starter-aop\3.0.0\spring-boot-starter-aop-3.0.0.jar;E:\repository\org\springframework\spring-aop\6.0.2\spring-aop-6.0.2.jar;E:\repository\org\aspectj\aspectjweaver\1.9.9.1\aspectjweaver-1.9.9.1.jar;E:\repository\org\springframework\boot\spring-boot-starter-data-redis\2.7.5\spring-boot-starter-data-redis-2.7.5.jar;E:\repository\org\springframework\data\spring-data-redis\3.0.0\spri
Launcher Type: SUN_STANDARD

[Global flags]
     intx CICompilerCount                          = 4                                         {product} {ergonomic}
     uint ConcGCThreads                            = 2                                         {product} {ergonomic}
     uint G1ConcRefinementThreads                  = 8                                         {product} {ergonomic}
   size_t G1HeapRegionSize                         = 2097152                                   {product} {ergonomic}
    uintx GCDrainStackTargetSize                   = 64                                        {product} {ergonomic}
   size_t InitialHeapSize                          = 266338304                                 {product} {ergonomic}
     bool ManagementServer                         = true                                      {product} {command line}
   size_t MarkStackSize                            = 4194304                                   {product} {ergonomic}
   size_t MaxHeapSize                              = 4238344192                                {product} {ergonomic}
   size_t MinHeapDeltaBytes                        = 2097152                                   {product} {ergonomic}
   size_t MinHeapSize                              = 8388608                                   {product} {ergonomic}
    uintx NonProfiledCodeHeapSize                  = 0                                      {pd product} {ergonomic}
     bool ProfileInterpreter                       = false                                  {pd product} {command line}
    uintx ProfiledCodeHeapSize                     = 0                                      {pd product} {ergonomic}
   size_t SoftMaxHeapSize                          = 4238344192                             {manageable} {ergonomic}
     intx TieredStopAtLevel                        = 1                                         {product} {command line}
     bool UseCompressedClassPointers               = true                           {product lp64_product} {ergonomic}
     bool UseCompressedOops                        = true                           {product lp64_product} {ergonomic}
     bool UseG1GC                                  = true                                      {product} {ergonomic}
     bool UseLargePagesIndividualAllocation        = false                                  {pd product} {ergonomic}

Logging:
Log output configuration:
 #0: stdout all=warning uptime,level,tags
 #1: stderr all=off uptime,level,tags

Environment Variables:
JAVA_HOME=D:\Graalvm\graalvm-ce-java17-22.3.0
CLASSPATH=.;D:\Graalvm\graalvm-ce-java17-22.3.0\lib\dt.jar;D:\Graalvm\graalvm-ce-java17-22.3.0 \lib\tools.jar
PATH=C:\Program Files\Java\jdk-17.0.8.1+1\bin;E:\bin\;D:\ffmpeg-2023-04-17-git-65e537b833-full_build\bin;C:\Program Files (x86)\Common Files\Intel\Shared Libraries\redist\intel64_win\compiler;C:\Program Files (x86)\Common Files\Intel\Shared Libraries\redist\intel64\compiler;C:\Program Files\Common Files\Oracle\Java\javapath;C:\Program Files\MySQL\MySQL Server 8.0\bin;C:\Program Files\PlasticSCM5\server;C:\Program Files\PlasticSCM5\client;C:\WINDOWS\system32;C:\WINDOWS;C:\WINDOWS\System32\Wbem;C:\WINDOWS\System32\WindowsPowerShell\v1.0\;C:\WINDOWS\System32\OpenSSH\;C:\Program Files\Microsoft SQL Server\150\Tools\Binn\;C:\Program Files\Microsoft SQL Server\Client SDK\ODBC\170\Tools\Binn\;C:\Program Files\dotnet\;C:\Program Files\Common Files\Autodesk Shared\;C:\Program Files (x86)\QuickTime\QTSystem\;C:\Program Files\Java\jdk-19\bin;C:\Program Files\Java\jdk-19\jre\bin;E:\Xftp 7\;C:\Program Files\Go\bin;E:\Git\cmd;E:\新建文件夹 (5)\微信web开发者工具\dll;D:\Redis\;C:\ProgramData\chocolatey\bin;E:\nvm;E:\Node;C:\Program Files\Java\jdk-17.0.8.1+1\bin;C:\Users\lenovo\AppData\Local\Programs\Python\Python310\Scripts\;C:\Users\lenovo\AppData\Local\Programs\Python\Python310\;C:\Program Files\MySQL\MySQL Shell 8.0\bin\;C:\Users\lenovo\AppData\Local\Microsoft\WindowsApps;E:\JetBrains\IntelliJ IDEA 2023.2\bin;;C:\Users\lenovo\.dotnet\tools;E:\apache-maven-3.8.4\bin;C:\Users\lenovo\AppData\Roaming\Tencent\QQGameTempest\Hall.57821\;C:\Users\lenovo\.dotnet\tools;C:\Users\lenovo\go\bin;E:\JetBrains\新建文件夹\GoLand 2023.2\bin;;C:\Users\lenovo\AppData\Roaming\npm;E:\Microsoft VS Code\bin;E:\Pycharm\PyCharm 2023.2.1\bin;;E:\nvm;E:\Node;
USERNAME=lenovo
OS=Windows_NT
PROCESSOR_IDENTIFIER=Intel64 Family 6 Model 140 Stepping 1, GenuineIntel
TMP=C:\Users\lenovo\AppData\Local\Temp
TEMP=C:\Users\lenovo\AppData\Local\Temp



---------------  S Y S T E M  ---------------

OS:
 Windows 10 , 64 bit Build 19041 (10.0.19041.3636)
OS uptime: 0 days 1:14 hours

CPU: total 8 (initial active 8) (4 cores per cpu, 2 threads per core) family 6 model 140 stepping 1 microcode 0x8a, cx8, cmov, fxsr, ht, mmx, 3dnowpref, sse, sse2, sse3, ssse3, sse4.1, sse4.2, popcnt, lzcnt, tsc, tscinvbit, avx, avx2, aes, erms, clmul, bmi1, bmi2, adx, avx512f, avx512dq, avx512cd, avx512bw, avx512vl, sha, fma, vzeroupper, avx512_vpopcntdq, avx512_vpclmulqdq, avx512_vaes, avx512_vnni, clflush, clflushopt, clwb, avx512_vbmi2, avx512_vbmi
Processor Information for all 8 processors :
  Max Mhz: 3110, Current Mhz: 3110, Mhz Limit: 3110

Memory: 4k page, system-wide physical 16167M (1446M free)
TotalPageFile size 18712M (AvailPageFile size 172M)
current process WorkingSet (physical memory assigned to process): 11M, peak: 11M
current process commit charge ("private bytes"): 55M, peak: 309M

vm_info: OpenJDK 64-Bit Server VM (17.0.8.1+1) for windows-amd64 JRE (17.0.8.1+1), built on Aug 23 2023 15:29:17 by "admin" with MS VC++ 16.7 (VS2019)

END.
