#
# There is insufficient memory for the Java Runtime Environment to continue.
# Native memory allocation (mmap) failed to map 266338304 bytes for G1 virtual space
# Possible reasons:
#   The system is out of physical RAM or swap space
#   The process is running with CompressedOops enabled, and the Java Heap may be blocking the growth of the native heap
# Possible solutions:
#   Reduce memory load on the system
#   Increase physical memory or swap space
#   Check if swap backing store is full
#   Decrease Java heap size (-Xmx/-Xms)
#   Decrease number of Java threads
#   Decrease Java thread stack sizes (-Xss)
#   Set larger code cache with -XX:ReservedCodeCacheSize=
#   JVM is running with Zero Based Compressed Oops mode in which the Java heap is
#     placed in the first 32GB address space. The Java Heap base address is the
#     maximum limit for the native heap growth. Please use -XX:HeapBaseMinAddress
#     to set the Java Heap base and to place the Java Heap above 32GB virtual address.
# This output file may be truncated or incomplete.
#
#  Out of Memory Error (os_windows.cpp:3617), pid=34916, tid=34972
#
# JRE version:  (17.0.8.1+1) (build )
# Java VM: OpenJDK 64-Bit Server VM (17.0.8.1+1, mixed mode, emulated-client, sharing, tiered, compressed oops, compressed class ptrs, g1 gc, windows-amd64)
# No core dump will be written. Minidumps are not enabled by default on client versions of Windows
#

---------------  S U M M A R Y ------------

Command Line: -Dreactor.netty.http.server.accessLogEnabled=true -XX:TieredStopAtLevel=1 -Dspring.output.ansi.enabled=always -Dcom.sun.management.jmxremote -Dspring.jmx.enabled=true -Dspring.liveBeansView.mbeanDomain -Dspring.application.admin.enabled=true -Dmanagement.endpoints.jmx.exposure.include=* -javaagent:E:\JetBrains\IntelliJ IDEA 2023.2\lib\idea_rt.jar=59825:E:\JetBrains\IntelliJ IDEA 2023.2\bin -Dfile.encoding=UTF-8 com.heyu.train.config.GatewayApplication

Host: 11th Gen Intel(R) Core(TM) i5-11300H @ 3.10GHz, 8 cores, 15G,  Windows 10 , 64 bit Build 19041 (10.0.19041.3636)
Time: Sun Apr 14 20:15:06 2024  Windows 10 , 64 bit Build 19041 (10.0.19041.3636) elapsed time: 0.021722 seconds (0d 0h 0m 0s)

---------------  T H R E A D  ---------------

Current thread (0x000001f4f3a9fef0):  JavaThread "Unknown thread" [_thread_in_vm, id=34972, stack(0x000000988fb00000,0x000000988fc00000)]

Stack: [0x000000988fb00000,0x000000988fc00000]
Native frames: (J=compiled Java code, j=interpreted, Vv=VM code, C=native code)
V  [jvm.dll+0x678b0a]
V  [jvm.dll+0x835e84]
V  [jvm.dll+0x83762e]
V  [jvm.dll+0x837c93]
V  [jvm.dll+0x24746f]
V  [jvm.dll+0x675859]
V  [jvm.dll+0x66a0ea]
V  [jvm.dll+0x306c7b]
V  [jvm.dll+0x30e166]
V  [jvm.dll+0x35dd3e]
V  [jvm.dll+0x35df6f]
V  [jvm.dll+0x2ddb48]
V  [jvm.dll+0x2deab4]
V  [jvm.dll+0x807f31]
V  [jvm.dll+0x36bb21]
V  [jvm.dll+0x7e733c]
V  [jvm.dll+0x3ee4af]
V  [jvm.dll+0x3f00c1]
C  [jli.dll+0x528b]
C  [ucrtbase.dll+0x21bb2]
C  [KERNEL32.DLL+0x17344]
C  [ntdll.dll+0x526b1]


---------------  P R O C E S S  ---------------

Threads class SMR info:
_java_thread_list=0x00007ffa0b6ca018, length=0, elements={
}

Java Threads: ( => current thread )

Other Threads:
  0x000001f4f3b090c0 GCTaskThread "GC Thread#0" [stack: 0x000000988fc00000,0x000000988fd00000] [id=4584]
  0x000001f4f3b1bcb0 ConcurrentGCThread "G1 Main Marker" [stack: 0x000000988fd00000,0x000000988fe00000] [id=19516]
  0x000001f4f3b1de70 ConcurrentGCThread "G1 Conc#0" [stack: 0x000000988fe00000,0x000000988ff00000] [id=28844]

[error occurred during error reporting (printing all threads), id 0xc0000005, EXCEPTION_ACCESS_VIOLATION (0xc0000005) at pc=0x00007ffa0ae9e587]

VM state: not at safepoint (not fully initialized)

VM Mutex/Monitor currently owned by a thread:  ([mutex/lock_event])
[0x000001f4f3a9a2c0] Heap_lock - owner thread: 0x000001f4f3a9fef0

Heap address: 0x0000000703600000, size: 4042 MB, Compressed Oops mode: Zero based, Oop shift amount: 3

CDS archive(s) mapped at: [0x0000000000000000-0x0000000000000000-0x0000000000000000), size 0, SharedBaseAddress: 0x0000000800000000, ArchiveRelocationMode: 1.
Narrow klass base: 0x0000000000000000, Narrow klass shift: 0, Narrow klass range: 0x0

GC Precious Log:
<Empty>

Heap:
 garbage-first heap   total 0K, used 0K [0x0000000703600000, 0x0000000800000000)
  region size 2048K, 0 young (0K), 0 survivors (0K)

[error occurred during error reporting (printing heap information), id 0xc0000005, EXCEPTION_ACCESS_VIOLATION (0xc0000005) at pc=0x00007ffa0b282699]

GC Heap History (0 events):
No events

Dll operation events (1 events):
Event: 0.013 Loaded shared library C:\Program Files\Java\jdk-17.0.8.1+1\bin\java.dll

Deoptimization events (0 events):
No events

Classes unloaded (0 events):
No events

Classes redefined (0 events):
No events

Internal exceptions (0 events):
No events

VM Operations (0 events):
No events

Events (0 events):
No events


Dynamic libraries:
0x00007ff6cdfe0000 - 0x00007ff6cdfee000 	C:\Program Files\Java\jdk-17.0.8.1+1\bin\java.exe
0x00007ffa41df0000 - 0x00007ffa41fe8000 	C:\WINDOWS\SYSTEM32\ntdll.dll
0x00007ffa3fe20000 - 0x00007ffa3fedd000 	C:\WINDOWS\System32\KERNEL32.DLL
0x00007ffa3f8a0000 - 0x00007ffa3fb96000 	C:\WINDOWS\System32\KERNELBASE.dll
0x00007ffa3fc70000 - 0x00007ffa3fd70000 	C:\WINDOWS\System32\ucrtbase.dll
0x00007ffa361b0000 - 0x00007ffa361c9000 	C:\Program Files\Java\jdk-17.0.8.1+1\bin\VCRUNTIME140.dll
0x00007ffa36360000 - 0x00007ffa36377000 	C:\Program Files\Java\jdk-17.0.8.1+1\bin\jli.dll
0x00007ffa408f0000 - 0x00007ffa40a8f000 	C:\WINDOWS\System32\USER32.dll
0x00007ffa3f4a0000 - 0x00007ffa3f4c2000 	C:\WINDOWS\System32\win32u.dll
0x00007ffa41b10000 - 0x00007ffa41b3b000 	C:\WINDOWS\System32\GDI32.dll
0x00007ffa29e20000 - 0x00007ffa2a0ba000 	C:\WINDOWS\WinSxS\amd64_microsoft.windows.common-controls_6595b64144ccf1df_6.0.19041.3636_none_60b6a03d71f818d5\COMCTL32.dll
0x00007ffa3f4d0000 - 0x00007ffa3f5e7000 	C:\WINDOWS\System32\gdi32full.dll
0x00007ffa40200000 - 0x00007ffa4029e000 	C:\WINDOWS\System32\msvcrt.dll
0x00007ffa3fba0000 - 0x00007ffa3fc3d000 	C:\WINDOWS\System32\msvcp_win.dll
0x00007ffa40090000 - 0x00007ffa400c2000 	C:\WINDOWS\System32\IMM32.DLL
0x00007ffa3ab30000 - 0x00007ffa3ab3c000 	C:\Program Files\Java\jdk-17.0.8.1+1\bin\vcruntime140_1.dll
0x00007ffa15f70000 - 0x00007ffa16001000 	C:\Program Files\Java\jdk-17.0.8.1+1\bin\msvcp140.dll
0x00007ffa0abb0000 - 0x00007ffa0b7fc000 	C:\Program Files\Java\jdk-17.0.8.1+1\bin\server\jvm.dll
0x00007ffa40680000 - 0x00007ffa40730000 	C:\WINDOWS\System32\ADVAPI32.dll
0x00007ffa41bb0000 - 0x00007ffa41c50000 	C:\WINDOWS\System32\sechost.dll
0x00007ffa400d0000 - 0x00007ffa401f3000 	C:\WINDOWS\System32\RPCRT4.dll
0x00007ffa3fc40000 - 0x00007ffa3fc67000 	C:\WINDOWS\System32\bcrypt.dll
0x00007ffa37ef0000 - 0x00007ffa37efa000 	C:\WINDOWS\SYSTEM32\VERSION.dll
0x00007ffa24280000 - 0x00007ffa242a7000 	C:\WINDOWS\SYSTEM32\WINMM.dll
0x00007ffa3ea30000 - 0x00007ffa3ea7b000 	C:\WINDOWS\SYSTEM32\POWRPROF.dll
0x00007ffa26020000 - 0x00007ffa26029000 	C:\WINDOWS\SYSTEM32\WSOCK32.dll
0x00007ffa407e0000 - 0x00007ffa4084b000 	C:\WINDOWS\System32\WS2_32.dll
0x00007ffa3e8a0000 - 0x00007ffa3e8b2000 	C:\WINDOWS\SYSTEM32\UMPDC.dll
0x00007ffa3d230000 - 0x00007ffa3d242000 	C:\WINDOWS\SYSTEM32\kernel.appcore.dll
0x00007ffa390e0000 - 0x00007ffa390ea000 	C:\Program Files\Java\jdk-17.0.8.1+1\bin\jimage.dll
0x00007ffa3ad20000 - 0x00007ffa3af04000 	C:\WINDOWS\SYSTEM32\DBGHELP.DLL
0x00007ffa232b0000 - 0x00007ffa232e4000 	C:\WINDOWS\SYSTEM32\dbgcore.DLL
0x00007ffa3f7c0000 - 0x00007ffa3f842000 	C:\WINDOWS\System32\bcryptPrimitives.dll
0x00007ffa36340000 - 0x00007ffa3634e000 	C:\Program Files\Java\jdk-17.0.8.1+1\bin\instrument.dll
0x00007ffa257a0000 - 0x00007ffa257c5000 	C:\Program Files\Java\jdk-17.0.8.1+1\bin\java.dll

dbghelp: loaded successfully - version: 4.0.5 - missing functions: none
symbol engine: initialized successfully - sym options: 0x614 - pdb path: .;C:\Program Files\Java\jdk-17.0.8.1+1\bin;C:\WINDOWS\SYSTEM32;C:\WINDOWS\WinSxS\amd64_microsoft.windows.common-controls_6595b64144ccf1df_6.0.19041.3636_none_60b6a03d71f818d5;C:\Program Files\Java\jdk-17.0.8.1+1\bin\server

VM Arguments:
jvm_args: -Dreactor.netty.http.server.accessLogEnabled=true -XX:TieredStopAtLevel=1 -Dspring.output.ansi.enabled=always -Dcom.sun.management.jmxremote -Dspring.jmx.enabled=true -Dspring.liveBeansView.mbeanDomain -Dspring.application.admin.enabled=true -Dmanagement.endpoints.jmx.exposure.include=* -javaagent:E:\JetBrains\IntelliJ IDEA 2023.2\lib\idea_rt.jar=59825:E:\JetBrains\IntelliJ IDEA 2023.2\bin -Dfile.encoding=UTF-8 
java_command: com.heyu.train.config.GatewayApplication
java_class_path (initial): E:\IdeaProhect\train12306\gateway\target\classes;E:\repository\org\springframework\cloud\spring-cloud-starter-gateway\4.0.0\spring-cloud-starter-gateway-4.0.0.jar;E:\repository\org\springframework\cloud\spring-cloud-starter\4.0.0\spring-cloud-starter-4.0.0.jar;E:\repository\org\springframework\boot\spring-boot-starter\3.0.0\spring-boot-starter-3.0.0.jar;E:\repository\org\springframework\boot\spring-boot-starter-logging\3.0.0\spring-boot-starter-logging-3.0.0.jar;E:\repository\ch\qos\logback\logback-classic\1.4.5\logback-classic-1.4.5.jar;E:\repository\ch\qos\logback\logback-core\1.4.5\logback-core-1.4.5.jar;E:\repository\org\apache\logging\log4j\log4j-to-slf4j\2.19.0\log4j-to-slf4j-2.19.0.jar;E:\repository\org\apache\logging\log4j\log4j-api\2.19.0\log4j-api-2.19.0.jar;E:\repository\org\slf4j\jul-to-slf4j\2.0.4\jul-to-slf4j-2.0.4.jar;E:\repository\jakarta\annotation\jakarta.annotation-api\2.1.1\jakarta.annotation-api-2.1.1.jar;E:\repository\org\yaml\snakeyaml\1.33\snakeyaml-1.33.jar;E:\repository\org\springframework\cloud\spring-cloud-context\4.0.0\spring-cloud-context-4.0.0.jar;E:\repository\org\springframework\security\spring-security-crypto\6.0.0\spring-security-crypto-6.0.0.jar;E:\repository\org\springframework\cloud\spring-cloud-commons\4.0.0\spring-cloud-commons-4.0.0.jar;E:\repository\org\springframework\security\spring-security-rsa\1.0.11.RELEASE\spring-security-rsa-1.0.11.RELEASE.jar;E:\repository\org\bouncycastle\bcpkix-jdk15on\1.69\bcpkix-jdk15on-1.69.jar;E:\repository\org\bouncycastle\bcprov-jdk15on\1.69\bcprov-jdk15on-1.69.jar;E:\repository\org\bouncycastle\bcutil-jdk15on\1.69\bcutil-jdk15on-1.69.jar;E:\repository\org\springframework\cloud\spring-cloud-gateway-server\4.0.0\spring-cloud-gateway-server-4.0.0.jar;E:\repository\org\springframework\boot\spring-boot-starter-validation\3.0.0\spring-boot-starter-validation-3.0.0.jar;E:\repository\org\apache\tomcat\embed\tomcat-embed-el\10.1.1\tomcat-embed-el-10.1.1.jar;E:\repository\
Launcher Type: SUN_STANDARD

[Global flags]
     intx CICompilerCount                          = 4                                         {product} {ergonomic}
     uint ConcGCThreads                            = 2                                         {product} {ergonomic}
     uint G1ConcRefinementThreads                  = 8                                         {product} {ergonomic}
   size_t G1HeapRegionSize                         = 2097152                                   {product} {ergonomic}
    uintx GCDrainStackTargetSize                   = 64                                        {product} {ergonomic}
   size_t InitialHeapSize                          = 266338304                                 {product} {ergonomic}
     bool ManagementServer                         = true                                      {product} {command line}
   size_t MarkStackSize                            = 4194304                                   {product} {ergonomic}
   size_t MaxHeapSize                              = 4238344192                                {product} {ergonomic}
   size_t MinHeapDeltaBytes                        = 2097152                                   {product} {ergonomic}
   size_t MinHeapSize                              = 8388608                                   {product} {ergonomic}
    uintx NonProfiledCodeHeapSize                  = 0                                      {pd product} {ergonomic}
     bool ProfileInterpreter                       = false                                  {pd product} {command line}
    uintx ProfiledCodeHeapSize                     = 0                                      {pd product} {ergonomic}
   size_t SoftMaxHeapSize                          = 4238344192                             {manageable} {ergonomic}
     intx TieredStopAtLevel                        = 1                                         {product} {command line}
     bool UseCompressedClassPointers               = true                           {product lp64_product} {ergonomic}
     bool UseCompressedOops                        = true                           {product lp64_product} {ergonomic}
     bool UseG1GC                                  = true                                      {product} {ergonomic}
     bool UseLargePagesIndividualAllocation        = false                                  {pd product} {ergonomic}

Logging:
Log output configuration:
 #0: stdout all=warning uptime,level,tags
 #1: stderr all=off uptime,level,tags

Environment Variables:
JAVA_HOME=D:\Graalvm\graalvm-ce-java17-22.3.0
CLASSPATH=.;D:\Graalvm\graalvm-ce-java17-22.3.0\lib\dt.jar;D:\Graalvm\graalvm-ce-java17-22.3.0 \lib\tools.jar
PATH=C:\Program Files\Java\jdk-17.0.8.1+1\bin;E:\bin\;D:\ffmpeg-2023-04-17-git-65e537b833-full_build\bin;C:\Program Files (x86)\Common Files\Intel\Shared Libraries\redist\intel64_win\compiler;C:\Program Files (x86)\Common Files\Intel\Shared Libraries\redist\intel64\compiler;C:\Program Files\Common Files\Oracle\Java\javapath;C:\Program Files\MySQL\MySQL Server 8.0\bin;C:\Program Files\PlasticSCM5\server;C:\Program Files\PlasticSCM5\client;C:\WINDOWS\system32;C:\WINDOWS;C:\WINDOWS\System32\Wbem;C:\WINDOWS\System32\WindowsPowerShell\v1.0\;C:\WINDOWS\System32\OpenSSH\;C:\Program Files\Microsoft SQL Server\150\Tools\Binn\;C:\Program Files\Microsoft SQL Server\Client SDK\ODBC\170\Tools\Binn\;C:\Program Files\dotnet\;C:\Program Files\Common Files\Autodesk Shared\;C:\Program Files (x86)\QuickTime\QTSystem\;C:\Program Files\Java\jdk-19\bin;C:\Program Files\Java\jdk-19\jre\bin;E:\Xftp 7\;C:\Program Files\Go\bin;E:\Git\cmd;E:\新建文件夹 (5)\微信web开发者工具\dll;D:\Redis\;C:\ProgramData\chocolatey\bin;E:\nvm;E:\Node;C:\Program Files\Java\jdk-17.0.8.1+1\bin;C:\Users\lenovo\AppData\Local\Programs\Python\Python310\Scripts\;C:\Users\lenovo\AppData\Local\Programs\Python\Python310\;C:\Program Files\MySQL\MySQL Shell 8.0\bin\;C:\Users\lenovo\AppData\Local\Microsoft\WindowsApps;E:\JetBrains\IntelliJ IDEA 2023.2\bin;;C:\Users\lenovo\.dotnet\tools;E:\apache-maven-3.8.4\bin;C:\Users\lenovo\AppData\Roaming\Tencent\QQGameTempest\Hall.57821\;C:\Users\lenovo\.dotnet\tools;C:\Users\lenovo\go\bin;E:\JetBrains\新建文件夹\GoLand 2023.2\bin;;C:\Users\lenovo\AppData\Roaming\npm;E:\Microsoft VS Code\bin;E:\Pycharm\PyCharm 2023.2.1\bin;;E:\nvm;E:\Node;
USERNAME=lenovo
OS=Windows_NT
PROCESSOR_IDENTIFIER=Intel64 Family 6 Model 140 Stepping 1, GenuineIntel
TMP=C:\Users\lenovo\AppData\Local\Temp
TEMP=C:\Users\lenovo\AppData\Local\Temp



---------------  S Y S T E M  ---------------

OS:
 Windows 10 , 64 bit Build 19041 (10.0.19041.3636)
OS uptime: 1 days 5:24 hours

CPU: total 8 (initial active 8) (4 cores per cpu, 2 threads per core) family 6 model 140 stepping 1 microcode 0x8a, cx8, cmov, fxsr, ht, mmx, 3dnowpref, sse, sse2, sse3, ssse3, sse4.1, sse4.2, popcnt, lzcnt, tsc, tscinvbit, avx, avx2, aes, erms, clmul, bmi1, bmi2, adx, avx512f, avx512dq, avx512cd, avx512bw, avx512vl, sha, fma, vzeroupper, avx512_vpopcntdq, avx512_vpclmulqdq, avx512_vaes, avx512_vnni, clflush, clflushopt, clwb, avx512_vbmi2, avx512_vbmi
Processor Information for all 8 processors :
  Max Mhz: 3110, Current Mhz: 3110, Mhz Limit: 3110

Memory: 4k page, system-wide physical 16167M (1090M free)
TotalPageFile size 18732M (AvailPageFile size 288M)
current process WorkingSet (physical memory assigned to process): 11M, peak: 11M
current process commit charge ("private bytes"): 55M, peak: 309M

vm_info: OpenJDK 64-Bit Server VM (17.0.8.1+1) for windows-amd64 JRE (17.0.8.1+1), built on Aug 23 2023 15:29:17 by "admin" with MS VC++ 16.7 (VS2019)

END.
