#
# There is insufficient memory for the Java Runtime Environment to continue.
# Native memory allocation (mmap) failed to map 65536 bytes for Failed to commit metaspace.
# Possible reasons:
#   The system is out of physical RAM or swap space
#   The process is running with CompressedOops enabled, and the Java Heap may be blocking the growth of the native heap
# Possible solutions:
#   Reduce memory load on the system
#   Increase physical memory or swap space
#   Check if swap backing store is full
#   Decrease Java heap size (-Xmx/-Xms)
#   Decrease number of Java threads
#   Decrease Java thread stack sizes (-Xss)
#   Set larger code cache with -XX:ReservedCodeCacheSize=
#   JVM is running with Zero Based Compressed Oops mode in which the Java heap is
#     placed in the first 32GB address space. The Java Heap base address is the
#     maximum limit for the native heap growth. Please use -XX:HeapBaseMinAddress
#     to set the Java Heap base and to place the Java Heap above 32GB virtual address.
# This output file may be truncated or incomplete.
#
#  Out of Memory Error (virtualSpaceNode.cpp:110), pid=36200, tid=34308
#
# JRE version: OpenJDK Runtime Environment Temurin-17.0.8.1+1 (17.0.8.1+1) (build 17.0.8.1+1)
# Java VM: OpenJDK 64-Bit Server VM Temurin-17.0.8.1+1 (17.0.8.1+1, mixed mode, emulated-client, sharing, tiered, compressed oops, compressed class ptrs, g1 gc, windows-amd64)
# No core dump will be written. Minidumps are not enabled by default on client versions of Windows
#

---------------  S U M M A R Y ------------

Command Line: -XX:TieredStopAtLevel=1 -Dspring.output.ansi.enabled=always -Dcom.sun.management.jmxremote -Dspring.jmx.enabled=true -Dspring.liveBeansView.mbeanDomain -Dspring.application.admin.enabled=true -Dmanagement.endpoints.jmx.exposure.include=* -javaagent:E:\JetBrains\IntelliJ IDEA 2023.2\lib\idea_rt.jar=53174:E:\JetBrains\IntelliJ IDEA 2023.2\bin -Dfile.encoding=UTF-8 com.heyu.train.business.config.BusinessApplication

Host: 11th Gen Intel(R) Core(TM) i5-11300H @ 3.10GHz, 8 cores, 15G,  Windows 10 , 64 bit Build 19041 (10.0.19041.3636)
Time: Sun Apr 14 21:52:06 2024  Windows 10 , 64 bit Build 19041 (10.0.19041.3636) elapsed time: 1.116440 seconds (0d 0h 0m 1s)

---------------  T H R E A D  ---------------

Current thread (0x000002d3cc240b70):  JavaThread "background-preinit" [_thread_in_vm, id=34308, stack(0x000000d8e9900000,0x000000d8e9a00000)]

Stack: [0x000000d8e9900000,0x000000d8e9a00000]
Native frames: (J=compiled Java code, j=interpreted, Vv=VM code, C=native code)
V  [jvm.dll+0x678b0a]
V  [jvm.dll+0x835e84]
V  [jvm.dll+0x83762e]
V  [jvm.dll+0x837c93]
V  [jvm.dll+0x24746f]
V  [jvm.dll+0x831f1b]
V  [jvm.dll+0x61d3c6]
V  [jvm.dll+0x1c1aae]
V  [jvm.dll+0x61fd21]
V  [jvm.dll+0x61dd66]
V  [jvm.dll+0x23ce06]
V  [jvm.dll+0x1ec2ed]
V  [jvm.dll+0x1e1d21]
V  [jvm.dll+0x53fba0]
V  [jvm.dll+0x7b1278]
V  [jvm.dll+0x7b1364]
V  [jvm.dll+0x40ecc5]
V  [jvm.dll+0x414e18]
C  [java.dll+0x17ec]

Java frames: (J=compiled Java code, j=interpreted, Vv=VM code)
J 1132  java.lang.ClassLoader.defineClass1(Ljava/lang/ClassLoader;Ljava/lang/String;[BIILjava/security/ProtectionDomain;Ljava/lang/String;)Ljava/lang/Class; java.base@17.0.8.1 (0 bytes) @ 0x000002d3f64429e3 [0x000002d3f6442920+0x00000000000000c3]
J 1297 c1 java.lang.ClassLoader.defineClass(Ljava/lang/String;[BIILjava/security/ProtectionDomain;)Ljava/lang/Class; java.base@17.0.8.1 (43 bytes) @ 0x000002d3f6481aec [0x000002d3f64819e0+0x000000000000010c]
J 1136 c1 jdk.internal.loader.BuiltinClassLoader.defineClass(Ljava/lang/String;Ljdk/internal/loader/Resource;)Ljava/lang/Class; java.base@17.0.8.1 (121 bytes) @ 0x000002d3f6445b74 [0x000002d3f64456a0+0x00000000000004d4]
J 1133 c1 jdk.internal.loader.BuiltinClassLoader.findClassOnClassPathOrNull(Ljava/lang/String;)Ljava/lang/Class; java.base@17.0.8.1 (64 bytes) @ 0x000002d3f64431ec [0x000002d3f6442f20+0x00000000000002cc]
J 956 c1 jdk.internal.loader.BuiltinClassLoader.loadClassOrNull(Ljava/lang/String;Z)Ljava/lang/Class; java.base@17.0.8.1 (143 bytes) @ 0x000002d3f63f3204 [0x000002d3f63f2d80+0x0000000000000484]
J 1061 c1 jdk.internal.loader.ClassLoaders$AppClassLoader.loadClass(Ljava/lang/String;Z)Ljava/lang/Class; java.base@17.0.8.1 (40 bytes) @ 0x000002d3f64233ac [0x000002d3f6423260+0x000000000000014c]
J 1060 c1 java.lang.ClassLoader.loadClass(Ljava/lang/String;)Ljava/lang/Class; java.base@17.0.8.1 (7 bytes) @ 0x000002d3f64227e4 [0x000002d3f64227a0+0x0000000000000044]
v  ~StubRoutines::call_stub
J 1132  java.lang.ClassLoader.defineClass1(Ljava/lang/ClassLoader;Ljava/lang/String;[BIILjava/security/ProtectionDomain;Ljava/lang/String;)Ljava/lang/Class; java.base@17.0.8.1 (0 bytes) @ 0x000002d3f64429e3 [0x000002d3f6442920+0x00000000000000c3]
J 1297 c1 java.lang.ClassLoader.defineClass(Ljava/lang/String;[BIILjava/security/ProtectionDomain;)Ljava/lang/Class; java.base@17.0.8.1 (43 bytes) @ 0x000002d3f6481aec [0x000002d3f64819e0+0x000000000000010c]
J 1136 c1 jdk.internal.loader.BuiltinClassLoader.defineClass(Ljava/lang/String;Ljdk/internal/loader/Resource;)Ljava/lang/Class; java.base@17.0.8.1 (121 bytes) @ 0x000002d3f6445b74 [0x000002d3f64456a0+0x00000000000004d4]
J 1133 c1 jdk.internal.loader.BuiltinClassLoader.findClassOnClassPathOrNull(Ljava/lang/String;)Ljava/lang/Class; java.base@17.0.8.1 (64 bytes) @ 0x000002d3f64431ec [0x000002d3f6442f20+0x00000000000002cc]
J 956 c1 jdk.internal.loader.BuiltinClassLoader.loadClassOrNull(Ljava/lang/String;Z)Ljava/lang/Class; java.base@17.0.8.1 (143 bytes) @ 0x000002d3f63f3204 [0x000002d3f63f2d80+0x0000000000000484]
J 1061 c1 jdk.internal.loader.ClassLoaders$AppClassLoader.loadClass(Ljava/lang/String;Z)Ljava/lang/Class; java.base@17.0.8.1 (40 bytes) @ 0x000002d3f64233ac [0x000002d3f6423260+0x000000000000014c]
J 1060 c1 java.lang.ClassLoader.loadClass(Ljava/lang/String;)Ljava/lang/Class; java.base@17.0.8.1 (7 bytes) @ 0x000002d3f64227e4 [0x000002d3f64227a0+0x0000000000000044]
v  ~StubRoutines::call_stub
j  org.hibernate.validator.internal.engine.AbstractConfigurationImpl.getDefaultMessageInterpolator()Ljakarta/validation/MessageInterpolator;+8
j  org.hibernate.validator.internal.engine.AbstractConfigurationImpl.getDefaultMessageInterpolatorConfiguredWithClassLoader()Ljakarta/validation/MessageInterpolator;+153
j  org.hibernate.validator.internal.engine.AbstractConfigurationImpl.getMessageInterpolator()Ljakarta/validation/MessageInterpolator;+23
j  org.hibernate.validator.internal.engine.ValidatorFactoryImpl.<init>(Ljakarta/validation/spi/ConfigurationState;)V+89
j  org.hibernate.validator.HibernateValidator.buildValidatorFactory(Ljakarta/validation/spi/ConfigurationState;)Ljakarta/validation/ValidatorFactory;+5
j  org.hibernate.validator.internal.engine.AbstractConfigurationImpl.buildValidatorFactory()Ljakarta/validation/ValidatorFactory;+211
j  org.springframework.boot.autoconfigure.BackgroundPreinitializer$ValidationInitializer.run()V+10
j  org.springframework.boot.autoconfigure.BackgroundPreinitializer$1.runSafely(Ljava/lang/Runnable;)Z+1
j  org.springframework.boot.autoconfigure.BackgroundPreinitializer$1.run()V+20
j  java.lang.Thread.run()V+11 java.base@17.0.8.1
v  ~StubRoutines::call_stub

---------------  P R O C E S S  ---------------

Threads class SMR info:
_java_thread_list=0x000002d3cc249f80, length=21, elements={
0x000002d3ee595790, 0x000002d3ff3b7ee0, 0x000002d3ff3b8aa0, 0x000002d3cb017350,
0x000002d3cb017f10, 0x000002d3cb018ad0, 0x000002d3cb01d5b0, 0x000002d3cb01e020,
0x000002d3cb022330, 0x000002d3cb100990, 0x000002d3cb106470, 0x000002d3cb106b70,
0x000002d3cb3fceb0, 0x000002d3cb3fd390, 0x000002d3cb783e70, 0x000002d3cbae16e0,
0x000002d3cbaacbf0, 0x000002d3cc1f8470, 0x000002d3cc1d0880, 0x000002d3cc2391e0,
0x000002d3cc240b70
}

Java Threads: ( => current thread )
  0x000002d3ee595790 JavaThread "main" [_thread_blocked, id=31236, stack(0x000000d8e7500000,0x000000d8e7600000)]
  0x000002d3ff3b7ee0 JavaThread "Reference Handler" daemon [_thread_blocked, id=14004, stack(0x000000d8e7c00000,0x000000d8e7d00000)]
  0x000002d3ff3b8aa0 JavaThread "Finalizer" daemon [_thread_blocked, id=19224, stack(0x000000d8e7d00000,0x000000d8e7e00000)]
  0x000002d3cb017350 JavaThread "Signal Dispatcher" daemon [_thread_blocked, id=28388, stack(0x000000d8e7e00000,0x000000d8e7f00000)]
  0x000002d3cb017f10 JavaThread "Attach Listener" daemon [_thread_blocked, id=35052, stack(0x000000d8e7f00000,0x000000d8e8000000)]
  0x000002d3cb018ad0 JavaThread "Service Thread" daemon [_thread_blocked, id=29268, stack(0x000000d8e8000000,0x000000d8e8100000)]
  0x000002d3cb01d5b0 JavaThread "Monitor Deflation Thread" daemon [_thread_blocked, id=34384, stack(0x000000d8e8100000,0x000000d8e8200000)]
  0x000002d3cb01e020 JavaThread "C1 CompilerThread0" daemon [_thread_blocked, id=4824, stack(0x000000d8e8200000,0x000000d8e8300000)]
  0x000002d3cb022330 JavaThread "Sweeper thread" daemon [_thread_blocked, id=10876, stack(0x000000d8e8300000,0x000000d8e8400000)]
  0x000002d3cb100990 JavaThread "Common-Cleaner" daemon [_thread_blocked, id=35940, stack(0x000000d8e8400000,0x000000d8e8500000)]
  0x000002d3cb106470 JavaThread "C1 CompilerThread1" daemon [_thread_blocked, id=36688, stack(0x000000d8e8500000,0x000000d8e8600000)]
  0x000002d3cb106b70 JavaThread "C1 CompilerThread2" daemon [_thread_blocked, id=31340, stack(0x000000d8e8600000,0x000000d8e8700000)]
  0x000002d3cb3fceb0 JavaThread "Monitor Ctrl-Break" daemon [_thread_in_native, id=2744, stack(0x000000d8e8700000,0x000000d8e8800000)]
  0x000002d3cb3fd390 JavaThread "Notification Thread" daemon [_thread_blocked, id=18344, stack(0x000000d8e8800000,0x000000d8e8900000)]
  0x000002d3cb783e70 JavaThread "RMI TCP Accept-0" daemon [_thread_in_native, id=29252, stack(0x000000d8e8900000,0x000000d8e8a00000)]
  0x000002d3cbae16e0 JavaThread "Thread-0" [_thread_blocked, id=26852, stack(0x000000d8e9300000,0x000000d8e9400000)]
  0x000002d3cbaacbf0 JavaThread "restartedMain" [_thread_in_vm, id=33520, stack(0x000000d8e9400000,0x000000d8e9500000)]
  0x000002d3cc1f8470 JavaThread "RMI TCP Connection(1)-192.168.31.224" daemon [_thread_in_native, id=9524, stack(0x000000d8e9600000,0x000000d8e9700000)]
  0x000002d3cc1d0880 JavaThread "C1 CompilerThread3" daemon [_thread_blocked, id=5108, stack(0x000000d8e9700000,0x000000d8e9800000)]
  0x000002d3cc2391e0 JavaThread "RMI Scheduler(0)" daemon [_thread_blocked, id=32720, stack(0x000000d8e9800000,0x000000d8e9900000)]
=>0x000002d3cc240b70 JavaThread "background-preinit" [_thread_in_vm, id=34308, stack(0x000000d8e9900000,0x000000d8e9a00000)]

Other Threads:
  0x000002d3ff3b3430 VMThread "VM Thread" [stack: 0x000000d8e7b00000,0x000000d8e7c00000] [id=31160]
  0x000002d3ee625f00 WatcherThread [stack: 0x000000d8e8a00000,0x000000d8e8b00000] [id=32144]
  0x000002d3ee5ff9b0 GCTaskThread "GC Thread#0" [stack: 0x000000d8e7600000,0x000000d8e7700000] [id=36748]
  0x000002d3cba60c80 GCTaskThread "GC Thread#1" [stack: 0x000000d8e8b00000,0x000000d8e8c00000] [id=21636]
  0x000002d3cbaab050 GCTaskThread "GC Thread#2" [stack: 0x000000d8e8c00000,0x000000d8e8d00000] [id=33952]
  0x000002d3cbaab310 GCTaskThread "GC Thread#3" [stack: 0x000000d8e8d00000,0x000000d8e8e00000] [id=18712]
  0x000002d3cbaab5d0 GCTaskThread "GC Thread#4" [stack: 0x000000d8e8e00000,0x000000d8e8f00000] [id=11820]
  0x000002d3cbaabca0 GCTaskThread "GC Thread#5" [stack: 0x000000d8e8f00000,0x000000d8e9000000] [id=36296]
  0x000002d3cbad75a0 GCTaskThread "GC Thread#6" [stack: 0x000000d8e9000000,0x000000d8e9100000] [id=32752]
  0x000002d3cc13f8e0 GCTaskThread "GC Thread#7" [stack: 0x000000d8e9500000,0x000000d8e9600000] [id=31248]
  0x000002d3ee6125b0 ConcurrentGCThread "G1 Main Marker" [stack: 0x000000d8e7700000,0x000000d8e7800000] [id=35708]
  0x000002d3ee614770 ConcurrentGCThread "G1 Conc#0" [stack: 0x000000d8e7800000,0x000000d8e7900000] [id=32904]
  0x000002d3ee63eb00 ConcurrentGCThread "G1 Refine#0" [stack: 0x000000d8e7900000,0x000000d8e7a00000] [id=1252]
  0x000002d3cbab9350 ConcurrentGCThread "G1 Refine#1" [stack: 0x000000d8e9100000,0x000000d8e9200000] [id=32932]
  0x000002d3cbab32c0 ConcurrentGCThread "G1 Refine#2" [stack: 0x000000d8e9200000,0x000000d8e9300000] [id=33976]
  0x000002d3ff26e870 ConcurrentGCThread "G1 Service" [stack: 0x000000d8e7a00000,0x000000d8e7b00000] [id=16516]

Threads with active compile tasks:

VM state: not at safepoint (normal execution)

VM Mutex/Monitor currently owned by a thread:  ([mutex/lock_event])
[0x000002d3ec4e7ac0] Metaspace_lock - owner thread: 0x000002d3cc240b70

Heap address: 0x0000000703600000, size: 4042 MB, Compressed Oops mode: Zero based, Oop shift amount: 3

CDS archive(s) mapped at: [0x000002d386000000-0x000002d386bd0000-0x000002d386bd0000), size 12386304, SharedBaseAddress: 0x000002d386000000, ArchiveRelocationMode: 1.
Compressed class space mapped at: 0x000002d387000000-0x000002d3c7000000, reserved size: 1073741824
Narrow klass base: 0x000002d386000000, Narrow klass shift: 0, Narrow klass range: 0x100000000

GC Precious Log:
 CPUs: 8 total, 8 available
 Memory: 16167M
 Large Page Support: Disabled
 NUMA Support: Disabled
 Compressed Oops: Enabled (Zero based)
 Heap Region Size: 2M
 Heap Min Capacity: 8M
 Heap Initial Capacity: 254M
 Heap Max Capacity: 4042M
 Pre-touch: Disabled
 Parallel Workers: 8
 Concurrent Workers: 2
 Concurrent Refinement Workers: 8
 Periodic GC: Disabled

Heap:
 garbage-first heap   total 260096K, used 27358K [0x0000000703600000, 0x0000000800000000)
  region size 2048K, 11 young (22528K), 1 survivors (2048K)
 Metaspace       used 14927K, committed 15104K, reserved 1114112K
  class space    used 2080K, committed 2176K, reserved 1048576K

Heap Regions: E=young(eden), S=young(survivor), O=old, HS=humongous(starts), HC=humongous(continues), CS=collection set, F=free, OA=open archive, CA=closed archive, TAMS=top-at-mark-start (previous, next)
|   0|0x0000000703600000, 0x0000000703800000, 0x0000000703800000|100%| O|  |TAMS 0x0000000703600000, 0x0000000703600000| Untracked 
|   1|0x0000000703800000, 0x0000000703a00000, 0x0000000703a00000|100%| O|  |TAMS 0x0000000703800000, 0x0000000703800000| Untracked 
|   2|0x0000000703a00000, 0x0000000703c00000, 0x0000000703c00000|100%| O|  |TAMS 0x0000000703a00000, 0x0000000703a00000| Untracked 
|   3|0x0000000703c00000, 0x0000000703d1b800, 0x0000000703e00000| 55%| O|  |TAMS 0x0000000703c00000, 0x0000000703c00000| Untracked 
|   4|0x0000000703e00000, 0x0000000703e00000, 0x0000000704000000|  0%| F|  |TAMS 0x0000000703e00000, 0x0000000703e00000| Untracked 
|   5|0x0000000704000000, 0x0000000704000000, 0x0000000704200000|  0%| F|  |TAMS 0x0000000704000000, 0x0000000704000000| Untracked 
|   6|0x0000000704200000, 0x0000000704200000, 0x0000000704400000|  0%| F|  |TAMS 0x0000000704200000, 0x0000000704200000| Untracked 
|   7|0x0000000704400000, 0x0000000704400000, 0x0000000704600000|  0%| F|  |TAMS 0x0000000704400000, 0x0000000704400000| Untracked 
|   8|0x0000000704600000, 0x0000000704600000, 0x0000000704800000|  0%| F|  |TAMS 0x0000000704600000, 0x0000000704600000| Untracked 
|   9|0x0000000704800000, 0x0000000704800000, 0x0000000704a00000|  0%| F|  |TAMS 0x0000000704800000, 0x0000000704800000| Untracked 
|  10|0x0000000704a00000, 0x0000000704a00000, 0x0000000704c00000|  0%| F|  |TAMS 0x0000000704a00000, 0x0000000704a00000| Untracked 
|  11|0x0000000704c00000, 0x0000000704c00000, 0x0000000704e00000|  0%| F|  |TAMS 0x0000000704c00000, 0x0000000704c00000| Untracked 
|  12|0x0000000704e00000, 0x0000000704e00000, 0x0000000705000000|  0%| F|  |TAMS 0x0000000704e00000, 0x0000000704e00000| Untracked 
|  13|0x0000000705000000, 0x0000000705000000, 0x0000000705200000|  0%| F|  |TAMS 0x0000000705000000, 0x0000000705000000| Untracked 
|  14|0x0000000705200000, 0x0000000705200000, 0x0000000705400000|  0%| F|  |TAMS 0x0000000705200000, 0x0000000705200000| Untracked 
|  15|0x0000000705400000, 0x0000000705400000, 0x0000000705600000|  0%| F|  |TAMS 0x0000000705400000, 0x0000000705400000| Untracked 
|  16|0x0000000705600000, 0x0000000705600000, 0x0000000705800000|  0%| F|  |TAMS 0x0000000705600000, 0x0000000705600000| Untracked 
|  17|0x0000000705800000, 0x0000000705800000, 0x0000000705a00000|  0%| F|  |TAMS 0x0000000705800000, 0x0000000705800000| Untracked 
|  18|0x0000000705a00000, 0x0000000705a00000, 0x0000000705c00000|  0%| F|  |TAMS 0x0000000705a00000, 0x0000000705a00000| Untracked 
|  19|0x0000000705c00000, 0x0000000705c00000, 0x0000000705e00000|  0%| F|  |TAMS 0x0000000705c00000, 0x0000000705c00000| Untracked 
|  20|0x0000000705e00000, 0x0000000705e00000, 0x0000000706000000|  0%| F|  |TAMS 0x0000000705e00000, 0x0000000705e00000| Untracked 
|  21|0x0000000706000000, 0x0000000706000000, 0x0000000706200000|  0%| F|  |TAMS 0x0000000706000000, 0x0000000706000000| Untracked 
|  22|0x0000000706200000, 0x0000000706200000, 0x0000000706400000|  0%| F|  |TAMS 0x0000000706200000, 0x0000000706200000| Untracked 
|  23|0x0000000706400000, 0x0000000706400000, 0x0000000706600000|  0%| F|  |TAMS 0x0000000706400000, 0x0000000706400000| Untracked 
|  24|0x0000000706600000, 0x0000000706600000, 0x0000000706800000|  0%| F|  |TAMS 0x0000000706600000, 0x0000000706600000| Untracked 
|  25|0x0000000706800000, 0x0000000706800000, 0x0000000706a00000|  0%| F|  |TAMS 0x0000000706800000, 0x0000000706800000| Untracked 
|  26|0x0000000706a00000, 0x0000000706a00000, 0x0000000706c00000|  0%| F|  |TAMS 0x0000000706a00000, 0x0000000706a00000| Untracked 
|  27|0x0000000706c00000, 0x0000000706c00000, 0x0000000706e00000|  0%| F|  |TAMS 0x0000000706c00000, 0x0000000706c00000| Untracked 
|  28|0x0000000706e00000, 0x0000000706e00000, 0x0000000707000000|  0%| F|  |TAMS 0x0000000706e00000, 0x0000000706e00000| Untracked 
|  29|0x0000000707000000, 0x0000000707000000, 0x0000000707200000|  0%| F|  |TAMS 0x0000000707000000, 0x0000000707000000| Untracked 
|  30|0x0000000707200000, 0x0000000707200000, 0x0000000707400000|  0%| F|  |TAMS 0x0000000707200000, 0x0000000707200000| Untracked 
|  31|0x0000000707400000, 0x0000000707400000, 0x0000000707600000|  0%| F|  |TAMS 0x0000000707400000, 0x0000000707400000| Untracked 
|  32|0x0000000707600000, 0x0000000707600000, 0x0000000707800000|  0%| F|  |TAMS 0x0000000707600000, 0x0000000707600000| Untracked 
|  33|0x0000000707800000, 0x0000000707800000, 0x0000000707a00000|  0%| F|  |TAMS 0x0000000707800000, 0x0000000707800000| Untracked 
|  34|0x0000000707a00000, 0x0000000707a00000, 0x0000000707c00000|  0%| F|  |TAMS 0x0000000707a00000, 0x0000000707a00000| Untracked 
|  35|0x0000000707c00000, 0x0000000707c00000, 0x0000000707e00000|  0%| F|  |TAMS 0x0000000707c00000, 0x0000000707c00000| Untracked 
|  36|0x0000000707e00000, 0x0000000707e00000, 0x0000000708000000|  0%| F|  |TAMS 0x0000000707e00000, 0x0000000707e00000| Untracked 
|  37|0x0000000708000000, 0x0000000708000000, 0x0000000708200000|  0%| F|  |TAMS 0x0000000708000000, 0x0000000708000000| Untracked 
|  38|0x0000000708200000, 0x0000000708200000, 0x0000000708400000|  0%| F|  |TAMS 0x0000000708200000, 0x0000000708200000| Untracked 
|  39|0x0000000708400000, 0x0000000708400000, 0x0000000708600000|  0%| F|  |TAMS 0x0000000708400000, 0x0000000708400000| Untracked 
|  40|0x0000000708600000, 0x0000000708600000, 0x0000000708800000|  0%| F|  |TAMS 0x0000000708600000, 0x0000000708600000| Untracked 
|  41|0x0000000708800000, 0x0000000708800000, 0x0000000708a00000|  0%| F|  |TAMS 0x0000000708800000, 0x0000000708800000| Untracked 
|  42|0x0000000708a00000, 0x0000000708a00000, 0x0000000708c00000|  0%| F|  |TAMS 0x0000000708a00000, 0x0000000708a00000| Untracked 
|  43|0x0000000708c00000, 0x0000000708c00000, 0x0000000708e00000|  0%| F|  |TAMS 0x0000000708c00000, 0x0000000708c00000| Untracked 
|  44|0x0000000708e00000, 0x0000000708e00000, 0x0000000709000000|  0%| F|  |TAMS 0x0000000708e00000, 0x0000000708e00000| Untracked 
|  45|0x0000000709000000, 0x0000000709000000, 0x0000000709200000|  0%| F|  |TAMS 0x0000000709000000, 0x0000000709000000| Untracked 
|  46|0x0000000709200000, 0x0000000709200000, 0x0000000709400000|  0%| F|  |TAMS 0x0000000709200000, 0x0000000709200000| Untracked 
|  47|0x0000000709400000, 0x0000000709400000, 0x0000000709600000|  0%| F|  |TAMS 0x0000000709400000, 0x0000000709400000| Untracked 
|  48|0x0000000709600000, 0x0000000709600000, 0x0000000709800000|  0%| F|  |TAMS 0x0000000709600000, 0x0000000709600000| Untracked 
|  49|0x0000000709800000, 0x0000000709800000, 0x0000000709a00000|  0%| F|  |TAMS 0x0000000709800000, 0x0000000709800000| Untracked 
|  50|0x0000000709a00000, 0x0000000709a00000, 0x0000000709c00000|  0%| F|  |TAMS 0x0000000709a00000, 0x0000000709a00000| Untracked 
|  51|0x0000000709c00000, 0x0000000709c00000, 0x0000000709e00000|  0%| F|  |TAMS 0x0000000709c00000, 0x0000000709c00000| Untracked 
|  52|0x0000000709e00000, 0x0000000709e00000, 0x000000070a000000|  0%| F|  |TAMS 0x0000000709e00000, 0x0000000709e00000| Untracked 
|  53|0x000000070a000000, 0x000000070a000000, 0x000000070a200000|  0%| F|  |TAMS 0x000000070a000000, 0x000000070a000000| Untracked 
|  54|0x000000070a200000, 0x000000070a200000, 0x000000070a400000|  0%| F|  |TAMS 0x000000070a200000, 0x000000070a200000| Untracked 
|  55|0x000000070a400000, 0x000000070a400000, 0x000000070a600000|  0%| F|  |TAMS 0x000000070a400000, 0x000000070a400000| Untracked 
|  56|0x000000070a600000, 0x000000070a600000, 0x000000070a800000|  0%| F|  |TAMS 0x000000070a600000, 0x000000070a600000| Untracked 
|  57|0x000000070a800000, 0x000000070a800000, 0x000000070aa00000|  0%| F|  |TAMS 0x000000070a800000, 0x000000070a800000| Untracked 
|  58|0x000000070aa00000, 0x000000070aa00000, 0x000000070ac00000|  0%| F|  |TAMS 0x000000070aa00000, 0x000000070aa00000| Untracked 
|  59|0x000000070ac00000, 0x000000070ac00000, 0x000000070ae00000|  0%| F|  |TAMS 0x000000070ac00000, 0x000000070ac00000| Untracked 
|  60|0x000000070ae00000, 0x000000070ae00000, 0x000000070b000000|  0%| F|  |TAMS 0x000000070ae00000, 0x000000070ae00000| Untracked 
|  61|0x000000070b000000, 0x000000070b000000, 0x000000070b200000|  0%| F|  |TAMS 0x000000070b000000, 0x000000070b000000| Untracked 
|  62|0x000000070b200000, 0x000000070b200000, 0x000000070b400000|  0%| F|  |TAMS 0x000000070b200000, 0x000000070b200000| Untracked 
|  63|0x000000070b400000, 0x000000070b400000, 0x000000070b600000|  0%| F|  |TAMS 0x000000070b400000, 0x000000070b400000| Untracked 
|  64|0x000000070b600000, 0x000000070b600000, 0x000000070b800000|  0%| F|  |TAMS 0x000000070b600000, 0x000000070b600000| Untracked 
|  65|0x000000070b800000, 0x000000070b800000, 0x000000070ba00000|  0%| F|  |TAMS 0x000000070b800000, 0x000000070b800000| Untracked 
|  66|0x000000070ba00000, 0x000000070ba00000, 0x000000070bc00000|  0%| F|  |TAMS 0x000000070ba00000, 0x000000070ba00000| Untracked 
|  67|0x000000070bc00000, 0x000000070bc00000, 0x000000070be00000|  0%| F|  |TAMS 0x000000070bc00000, 0x000000070bc00000| Untracked 
|  68|0x000000070be00000, 0x000000070be00000, 0x000000070c000000|  0%| F|  |TAMS 0x000000070be00000, 0x000000070be00000| Untracked 
|  69|0x000000070c000000, 0x000000070c000000, 0x000000070c200000|  0%| F|  |TAMS 0x000000070c000000, 0x000000070c000000| Untracked 
|  70|0x000000070c200000, 0x000000070c200000, 0x000000070c400000|  0%| F|  |TAMS 0x000000070c200000, 0x000000070c200000| Untracked 
|  71|0x000000070c400000, 0x000000070c400000, 0x000000070c600000|  0%| F|  |TAMS 0x000000070c400000, 0x000000070c400000| Untracked 
|  72|0x000000070c600000, 0x000000070c600000, 0x000000070c800000|  0%| F|  |TAMS 0x000000070c600000, 0x000000070c600000| Untracked 
|  73|0x000000070c800000, 0x000000070c800000, 0x000000070ca00000|  0%| F|  |TAMS 0x000000070c800000, 0x000000070c800000| Untracked 
|  74|0x000000070ca00000, 0x000000070ca00000, 0x000000070cc00000|  0%| F|  |TAMS 0x000000070ca00000, 0x000000070ca00000| Untracked 
|  75|0x000000070cc00000, 0x000000070cc00000, 0x000000070ce00000|  0%| F|  |TAMS 0x000000070cc00000, 0x000000070cc00000| Untracked 
|  76|0x000000070ce00000, 0x000000070ce00000, 0x000000070d000000|  0%| F|  |TAMS 0x000000070ce00000, 0x000000070ce00000| Untracked 
|  77|0x000000070d000000, 0x000000070d000000, 0x000000070d200000|  0%| F|  |TAMS 0x000000070d000000, 0x000000070d000000| Untracked 
|  78|0x000000070d200000, 0x000000070d200000, 0x000000070d400000|  0%| F|  |TAMS 0x000000070d200000, 0x000000070d200000| Untracked 
|  79|0x000000070d400000, 0x000000070d400000, 0x000000070d600000|  0%| F|  |TAMS 0x000000070d400000, 0x000000070d400000| Untracked 
|  80|0x000000070d600000, 0x000000070d600000, 0x000000070d800000|  0%| F|  |TAMS 0x000000070d600000, 0x000000070d600000| Untracked 
|  81|0x000000070d800000, 0x000000070d800000, 0x000000070da00000|  0%| F|  |TAMS 0x000000070d800000, 0x000000070d800000| Untracked 
|  82|0x000000070da00000, 0x000000070da00000, 0x000000070dc00000|  0%| F|  |TAMS 0x000000070da00000, 0x000000070da00000| Untracked 
|  83|0x000000070dc00000, 0x000000070dc00000, 0x000000070de00000|  0%| F|  |TAMS 0x000000070dc00000, 0x000000070dc00000| Untracked 
|  84|0x000000070de00000, 0x000000070de00000, 0x000000070e000000|  0%| F|  |TAMS 0x000000070de00000, 0x000000070de00000| Untracked 
|  85|0x000000070e000000, 0x000000070e000000, 0x000000070e200000|  0%| F|  |TAMS 0x000000070e000000, 0x000000070e000000| Untracked 
|  86|0x000000070e200000, 0x000000070e200000, 0x000000070e400000|  0%| F|  |TAMS 0x000000070e200000, 0x000000070e200000| Untracked 
|  87|0x000000070e400000, 0x000000070e400000, 0x000000070e600000|  0%| F|  |TAMS 0x000000070e400000, 0x000000070e400000| Untracked 
|  88|0x000000070e600000, 0x000000070e600000, 0x000000070e800000|  0%| F|  |TAMS 0x000000070e600000, 0x000000070e600000| Untracked 
|  89|0x000000070e800000, 0x000000070e800000, 0x000000070ea00000|  0%| F|  |TAMS 0x000000070e800000, 0x000000070e800000| Untracked 
|  90|0x000000070ea00000, 0x000000070ea00000, 0x000000070ec00000|  0%| F|  |TAMS 0x000000070ea00000, 0x000000070ea00000| Untracked 
|  91|0x000000070ec00000, 0x000000070ec00000, 0x000000070ee00000|  0%| F|  |TAMS 0x000000070ec00000, 0x000000070ec00000| Untracked 
|  92|0x000000070ee00000, 0x000000070ee00000, 0x000000070f000000|  0%| F|  |TAMS 0x000000070ee00000, 0x000000070ee00000| Untracked 
|  93|0x000000070f000000, 0x000000070f000000, 0x000000070f200000|  0%| F|  |TAMS 0x000000070f000000, 0x000000070f000000| Untracked 
|  94|0x000000070f200000, 0x000000070f200000, 0x000000070f400000|  0%| F|  |TAMS 0x000000070f200000, 0x000000070f200000| Untracked 
|  95|0x000000070f400000, 0x000000070f400000, 0x000000070f600000|  0%| F|  |TAMS 0x000000070f400000, 0x000000070f400000| Untracked 
|  96|0x000000070f600000, 0x000000070f600000, 0x000000070f800000|  0%| F|  |TAMS 0x000000070f600000, 0x000000070f600000| Untracked 
|  97|0x000000070f800000, 0x000000070f800000, 0x000000070fa00000|  0%| F|  |TAMS 0x000000070f800000, 0x000000070f800000| Untracked 
|  98|0x000000070fa00000, 0x000000070fa00000, 0x000000070fc00000|  0%| F|  |TAMS 0x000000070fa00000, 0x000000070fa00000| Untracked 
|  99|0x000000070fc00000, 0x000000070fc00000, 0x000000070fe00000|  0%| F|  |TAMS 0x000000070fc00000, 0x000000070fc00000| Untracked 
| 100|0x000000070fe00000, 0x000000070fe00000, 0x0000000710000000|  0%| F|  |TAMS 0x000000070fe00000, 0x000000070fe00000| Untracked 
| 101|0x0000000710000000, 0x0000000710000000, 0x0000000710200000|  0%| F|  |TAMS 0x0000000710000000, 0x0000000710000000| Untracked 
| 102|0x0000000710200000, 0x0000000710200000, 0x0000000710400000|  0%| F|  |TAMS 0x0000000710200000, 0x0000000710200000| Untracked 
| 103|0x0000000710400000, 0x0000000710400000, 0x0000000710600000|  0%| F|  |TAMS 0x0000000710400000, 0x0000000710400000| Untracked 
| 104|0x0000000710600000, 0x0000000710600000, 0x0000000710800000|  0%| F|  |TAMS 0x0000000710600000, 0x0000000710600000| Untracked 
| 105|0x0000000710800000, 0x0000000710800000, 0x0000000710a00000|  0%| F|  |TAMS 0x0000000710800000, 0x0000000710800000| Untracked 
| 106|0x0000000710a00000, 0x0000000710a00000, 0x0000000710c00000|  0%| F|  |TAMS 0x0000000710a00000, 0x0000000710a00000| Untracked 
| 107|0x0000000710c00000, 0x0000000710c00000, 0x0000000710e00000|  0%| F|  |TAMS 0x0000000710c00000, 0x0000000710c00000| Untracked 
| 108|0x0000000710e00000, 0x0000000710e00000, 0x0000000711000000|  0%| F|  |TAMS 0x0000000710e00000, 0x0000000710e00000| Untracked 
| 109|0x0000000711000000, 0x0000000711000000, 0x0000000711200000|  0%| F|  |TAMS 0x0000000711000000, 0x0000000711000000| Untracked 
| 110|0x0000000711200000, 0x0000000711200000, 0x0000000711400000|  0%| F|  |TAMS 0x0000000711200000, 0x0000000711200000| Untracked 
| 111|0x0000000711400000, 0x0000000711400000, 0x0000000711600000|  0%| F|  |TAMS 0x0000000711400000, 0x0000000711400000| Untracked 
| 112|0x0000000711600000, 0x0000000711600000, 0x0000000711800000|  0%| F|  |TAMS 0x0000000711600000, 0x0000000711600000| Untracked 
| 113|0x0000000711800000, 0x000000071199c260, 0x0000000711a00000| 80%| S|CS|TAMS 0x0000000711800000, 0x0000000711800000| Complete 
| 114|0x0000000711a00000, 0x0000000711a00000, 0x0000000711c00000|  0%| F|  |TAMS 0x0000000711a00000, 0x0000000711a00000| Untracked 
| 115|0x0000000711c00000, 0x0000000711c00000, 0x0000000711e00000|  0%| F|  |TAMS 0x0000000711c00000, 0x0000000711c00000| Untracked 
| 116|0x0000000711e00000, 0x0000000711e00000, 0x0000000712000000|  0%| F|  |TAMS 0x0000000711e00000, 0x0000000711e00000| Untracked 
| 117|0x0000000712000000, 0x0000000712117920, 0x0000000712200000| 54%| E|  |TAMS 0x0000000712000000, 0x0000000712000000| Complete 
| 118|0x0000000712200000, 0x0000000712400000, 0x0000000712400000|100%| E|CS|TAMS 0x0000000712200000, 0x0000000712200000| Complete 
| 119|0x0000000712400000, 0x0000000712600000, 0x0000000712600000|100%| E|CS|TAMS 0x0000000712400000, 0x0000000712400000| Complete 
| 120|0x0000000712600000, 0x0000000712800000, 0x0000000712800000|100%| E|CS|TAMS 0x0000000712600000, 0x0000000712600000| Complete 
| 121|0x0000000712800000, 0x0000000712a00000, 0x0000000712a00000|100%| E|CS|TAMS 0x0000000712800000, 0x0000000712800000| Complete 
| 122|0x0000000712a00000, 0x0000000712c00000, 0x0000000712c00000|100%| E|CS|TAMS 0x0000000712a00000, 0x0000000712a00000| Complete 
| 123|0x0000000712c00000, 0x0000000712e00000, 0x0000000712e00000|100%| E|CS|TAMS 0x0000000712c00000, 0x0000000712c00000| Complete 
| 124|0x0000000712e00000, 0x0000000713000000, 0x0000000713000000|100%| E|CS|TAMS 0x0000000712e00000, 0x0000000712e00000| Complete 
| 125|0x0000000713000000, 0x0000000713200000, 0x0000000713200000|100%| E|CS|TAMS 0x0000000713000000, 0x0000000713000000| Complete 
| 126|0x0000000713200000, 0x0000000713400000, 0x0000000713400000|100%| E|CS|TAMS 0x0000000713200000, 0x0000000713200000| Complete 

Card table byte_map: [0x000002d3f9970000,0x000002d3fa160000] _byte_map_base: 0x000002d3f6155000

Marking Bits (Prev, Next): (CMBitMap*) 0x000002d3ee5fffe0, (CMBitMap*) 0x000002d3ee600020
 Prev Bits: [0x000002d3fa950000, 0x000002d3fe878000)
 Next Bits: [0x000002d380000000, 0x000002d383f28000)

Polling page: 0x000002d3edd40000

Metaspace:

Usage:
  Non-class:     12.55 MB used.
      Class:      2.03 MB used.
       Both:     14.58 MB used.

Virtual space:
  Non-class space:       64.00 MB reserved,      12.62 MB ( 20%) committed,  1 nodes.
      Class space:        1.00 GB reserved,       2.12 MB ( <1%) committed,  1 nodes.
             Both:        1.06 GB reserved,      14.75 MB (  1%) committed. 

Chunk freelists:
   Non-Class:  2.92 MB
       Class:  13.81 MB
        Both:  16.73 MB

MaxMetaspaceSize: unlimited
CompressedClassSpaceSize: 1.00 GB
Initial GC threshold: 21.00 MB
Current GC threshold: 21.00 MB
CDS: on
MetaspaceReclaimPolicy: balanced
 - commit_granule_bytes: 65536.
 - commit_granule_words: 8192.
 - virtual_space_node_default_size: 8388608.
 - enlarge_chunks_in_place: 1.
 - new_chunks_are_fully_committed: 0.
 - uncommit_free_chunks: 1.
 - use_allocation_guard: 0.
 - handle_deallocations: 1.


Internal statistics:

num_allocs_failed_limit: 0.
num_arena_births: 262.
num_arena_deaths: 0.
num_vsnodes_births: 2.
num_vsnodes_deaths: 0.
num_space_committed: 236.
num_space_uncommitted: 0.
num_chunks_returned_to_freelist: 0.
num_chunks_taken_from_freelist: 660.
num_chunk_merges: 0.
num_chunk_splits: 421.
num_chunks_enlarged: 283.
num_inconsistent_stats: 0.

CodeCache: size=49152Kb used=6182Kb max_used=6182Kb free=42969Kb
 bounds [0x000002d3f6070000, 0x000002d3f6680000, 0x000002d3f9070000]
 total_blobs=2718 nmethods=2215 adapters=427
 compilation: enabled
              stopped_count=0, restarted_count=0
 full_count=0

Compilation events (20 events):
Event: 1.082 Thread 0x000002d3cc1d0880 nmethod 2205 0x000002d3f666f890 code [0x000002d3f666fa40, 0x000002d3f666fbe8]
Event: 1.084 Thread 0x000002d3cc1d0880 2206       1       java.security.PermissionCollection::isReadOnly (5 bytes)
Event: 1.084 Thread 0x000002d3cc1d0880 nmethod 2206 0x000002d3f666fd10 code [0x000002d3f666fea0, 0x000002d3f666ff78]
Event: 1.084 Thread 0x000002d3cb106470 2207       1       ch.qos.logback.classic.Logger::isTraceEnabled (6 bytes)
Event: 1.084 Thread 0x000002d3cb106b70 2208       1       ch.qos.logback.classic.Logger::isTraceEnabled (67 bytes)
Event: 1.084 Thread 0x000002d3cb106470 nmethod 2207 0x000002d3f6670010 code [0x000002d3f66701a0, 0x000002d3f6670288]
Event: 1.085 Thread 0x000002d3cb106b70 nmethod 2208 0x000002d3f6670310 code [0x000002d3f6670500, 0x000002d3f6670858]
Event: 1.102 Thread 0x000002d3cb106b70 2209       1       ch.qos.logback.classic.util.LoggerNameUtil::getSeparatorIndexOf (53 bytes)
Event: 1.102 Thread 0x000002d3cb106b70 nmethod 2209 0x000002d3f6674090 code [0x000002d3f6674260, 0x000002d3f66744d8]
Event: 1.106 Thread 0x000002d3cb106b70 2210       1       java.lang.reflect.AccessibleObject::checkAccess (40 bytes)
Event: 1.106 Thread 0x000002d3cb01e020 2211       1       java.lang.reflect.AccessibleObject::verifyAccess (55 bytes)
Event: 1.106 Thread 0x000002d3cc1d0880 2212       1       java.lang.reflect.AccessibleObject::isAccessChecked (25 bytes)
Event: 1.106 Thread 0x000002d3cb106b70 nmethod 2210 0x000002d3f6674610 code [0x000002d3f66747e0, 0x000002d3f6674998]
Event: 1.106 Thread 0x000002d3cc1d0880 nmethod 2212 0x000002d3f6674a90 code [0x000002d3f6674c40, 0x000002d3f6674de8]
Event: 1.106 Thread 0x000002d3cb01e020 nmethod 2211 0x000002d3f6674f10 code [0x000002d3f6675100, 0x000002d3f6675568]
Event: 1.112 Thread 0x000002d3cb01e020 2213       1       ch.qos.logback.classic.Logger::getChildByName (68 bytes)
Event: 1.112 Thread 0x000002d3cb01e020 nmethod 2213 0x000002d3f6675a90 code [0x000002d3f6675c60, 0x000002d3f6675ec8]
Event: 1.112 Thread 0x000002d3cb01e020 2214       1       java.util.Locale::getLanguage (8 bytes)
Event: 1.112 Thread 0x000002d3cb01e020 nmethod 2214 0x000002d3f6676090 code [0x000002d3f6676220, 0x000002d3f66762f8]
Event: 1.112 Thread 0x000002d3cb01e020 2215   !   1       java.util.concurrent.ConcurrentHashMap::transfer (849 bytes)

GC Heap History (4 events):
Event: 0.595 GC heap before
{Heap before GC invocations=0 (full 0):
 garbage-first heap   total 260096K, used 20480K [0x0000000703600000, 0x0000000800000000)
  region size 2048K, 11 young (22528K), 0 survivors (0K)
 Metaspace       used 6722K, committed 6848K, reserved 1114112K
  class space    used 851K, committed 896K, reserved 1048576K
}
Event: 0.599 GC heap after
{Heap after GC invocations=1 (full 0):
 garbage-first heap   total 260096K, used 7126K [0x0000000703600000, 0x0000000800000000)
  region size 2048K, 2 young (4096K), 2 survivors (4096K)
 Metaspace       used 6722K, committed 6848K, reserved 1114112K
  class space    used 851K, committed 896K, reserved 1048576K
}
Event: 0.914 GC heap before
{Heap before GC invocations=1 (full 0):
 garbage-first heap   total 260096K, used 29654K [0x0000000703600000, 0x0000000800000000)
  region size 2048K, 13 young (26624K), 2 survivors (4096K)
 Metaspace       used 10339K, committed 10624K, reserved 1114112K
  class space    used 1409K, committed 1536K, reserved 1048576K
}
Event: 0.917 GC heap after
{Heap after GC invocations=2 (full 0):
 garbage-first heap   total 260096K, used 8926K [0x0000000703600000, 0x0000000800000000)
  region size 2048K, 1 young (2048K), 1 survivors (2048K)
 Metaspace       used 10339K, committed 10624K, reserved 1114112K
  class space    used 1409K, committed 1536K, reserved 1048576K
}

Dll operation events (11 events):
Event: 0.012 Loaded shared library C:\Program Files\Java\jdk-17.0.8.1+1\bin\java.dll
Event: 0.029 Loaded shared library C:\Program Files\Java\jdk-17.0.8.1+1\bin\jsvml.dll
Event: 0.133 Loaded shared library C:\Program Files\Java\jdk-17.0.8.1+1\bin\zip.dll
Event: 0.138 Loaded shared library C:\Program Files\Java\jdk-17.0.8.1+1\bin\instrument.dll
Event: 0.143 Loaded shared library C:\Program Files\Java\jdk-17.0.8.1+1\bin\net.dll
Event: 0.145 Loaded shared library C:\Program Files\Java\jdk-17.0.8.1+1\bin\nio.dll
Event: 0.148 Loaded shared library C:\Program Files\Java\jdk-17.0.8.1+1\bin\zip.dll
Event: 0.216 Loaded shared library E:\JetBrains\IntelliJ IDEA 2023.2\bin\breakgen64.dll
Event: 0.221 Loaded shared library C:\Program Files\Java\jdk-17.0.8.1+1\bin\jimage.dll
Event: 0.239 Loaded shared library C:\Program Files\Java\jdk-17.0.8.1+1\bin\management.dll
Event: 0.249 Loaded shared library C:\Program Files\Java\jdk-17.0.8.1+1\bin\management_ext.dll

Deoptimization events (0 events):
No events

Classes unloaded (0 events):
No events

Classes redefined (0 events):
No events

Internal exceptions (20 events):
Event: 0.872 Thread 0x000002d3cbaacbf0 Exception <a 'java/lang/NoSuchMethodError'{0x000000071211b720}: 'java.lang.Object java.lang.invoke.DirectMethodHandle$Holder.newInvokeSpecial(java.lang.Object, java.lang.Object, java.lang.Object, int, java.lang.Object)'> (0x000000071211b720) 
thrown [s\src\hotspot\share\interpreter\linkResolver.cpp, line 759]
Event: 0.872 Thread 0x000002d3cbaacbf0 Exception <a 'java/lang/NoSuchMethodError'{0x0000000712123188}: 'java.lang.Object java.lang.invoke.Invokers$Holder.linkToTargetMethod(java.lang.Object, java.lang.Object, int, java.lang.Object, java.lang.Object)'> (0x0000000712123188) 
thrown [s\src\hotspot\share\interpreter\linkResolver.cpp, line 759]
Event: 0.874 Thread 0x000002d3cbaacbf0 Exception <a 'java/lang/NoSuchMethodError'{0x0000000712133198}: 'java.lang.Object java.lang.invoke.DirectMethodHandle$Holder.newInvokeSpecial(java.lang.Object, int, java.lang.Object)'> (0x0000000712133198) 
thrown [s\src\hotspot\share\interpreter\linkResolver.cpp, line 759]
Event: 0.874 Thread 0x000002d3cbaacbf0 Exception <a 'java/lang/NoSuchMethodError'{0x0000000712137bd8}: 'int java.lang.invoke.DirectMethodHandle$Holder.invokeSpecialIFC(java.lang.Object, java.lang.Object, java.lang.Object, java.lang.Object)'> (0x0000000712137bd8) 
thrown [s\src\hotspot\share\interpreter\linkResolver.cpp, line 759]
Event: 0.886 Thread 0x000002d3cbaacbf0 Exception <a 'java/lang/NoSuchMethodError'{0x0000000711e24b30}: 'void java.lang.invoke.DirectMethodHandle$Holder.invokeInterface(java.lang.Object, java.lang.Object, java.lang.Object)'> (0x0000000711e24b30) 
thrown [s\src\hotspot\share\interpreter\linkResolver.cpp, line 759]
Event: 0.911 Thread 0x000002d3cbaacbf0 Exception <a 'java/lang/NoSuchMethodError'{0x0000000711fd3170}: 'void java.lang.invoke.DirectMethodHandle$Holder.invokeStatic(java.lang.Object, java.lang.Object, int)'> (0x0000000711fd3170) 
thrown [s\src\hotspot\share\interpreter\linkResolver.cpp, line 759]
Event: 0.913 Thread 0x000002d3cbaacbf0 Exception <a 'java/lang/NoSuchMethodError'{0x0000000711fdaf88}: 'void java.lang.invoke.DirectMethodHandle$Holder.invokeStaticInit(java.lang.Object, java.lang.Object)'> (0x0000000711fdaf88) 
thrown [s\src\hotspot\share\interpreter\linkResolver.cpp, line 759]
Event: 0.914 Thread 0x000002d3cbaacbf0 Exception <a 'java/lang/NoSuchMethodError'{0x0000000711fe9510}: 'void java.lang.invoke.DirectMethodHandle$Holder.invokeStaticInit(java.lang.Object, java.lang.Object, java.lang.Object)'> (0x0000000711fe9510) 
thrown [s\src\hotspot\share\interpreter\linkResolver.cpp, line 759]
Event: 0.920 Thread 0x000002d3cbaacbf0 Exception <a 'java/lang/NoSuchMethodError'{0x00000007132285e0}: 'java.lang.Object java.lang.invoke.DirectMethodHandle$Holder.invokeStatic(java.lang.Object, java.lang.Object, long, java.lang.Object)'> (0x00000007132285e0) 
thrown [s\src\hotspot\share\interpreter\linkResolver.cpp, line 759]
Event: 0.920 Thread 0x000002d3cbaacbf0 Exception <a 'java/lang/NoSuchMethodError'{0x000000071322c078}: 'java.lang.Object java.lang.invoke.DirectMethodHandle$Holder.invokeStaticInit(java.lang.Object, java.lang.Object, long, java.lang.Object)'> (0x000000071322c078) 
thrown [s\src\hotspot\share\interpreter\linkResolver.cpp, line 759]
Event: 0.920 Thread 0x000002d3cbaacbf0 Exception <a 'java/lang/NoSuchMethodError'{0x0000000713232688}: 'java.lang.Object java.lang.invoke.DirectMethodHandle$Holder.newInvokeSpecial(java.lang.Object, java.lang.Object, long)'> (0x0000000713232688) 
thrown [s\src\hotspot\share\interpreter\linkResolver.cpp, line 759]
Event: 0.920 Thread 0x000002d3cbaacbf0 Exception <a 'java/lang/NoSuchMethodError'{0x00000007132361f8}: 'java.lang.Object java.lang.invoke.Invokers$Holder.linkToTargetMethod(java.lang.Object, long, java.lang.Object)'> (0x00000007132361f8) 
thrown [s\src\hotspot\share\interpreter\linkResolver.cpp, line 759]
Event: 0.982 Thread 0x000002d3cbaacbf0 Exception <a 'java/lang/NoSuchMethodError'{0x0000000713162410}: 'void java.lang.invoke.DirectMethodHandle$Holder.invokeSpecialIFC(java.lang.Object, java.lang.Object, java.lang.Object, java.lang.Object, java.lang.Object)'> (0x0000000713162410) 
thrown [s\src\hotspot\share\interpreter\linkResolver.cpp, line 759]
Event: 1.012 Thread 0x000002d3cbaacbf0 Exception <a 'java/lang/NoSuchMethodError'{0x0000000712c21348}: 'int java.lang.invoke.DirectMethodHandle$Holder.invokeVirtual(java.lang.Object, java.lang.Object, java.lang.Object, java.lang.Object)'> (0x0000000712c21348) 
thrown [s\src\hotspot\share\interpreter\linkResolver.cpp, line 759]
Event: 1.056 Thread 0x000002d3cc1f8470 Exception <a 'java/lang/NoSuchMethodError'{0x0000000712ba85c0}: static [B.<clinit>()V> (0x0000000712ba85c0) 
thrown [s\src\hotspot\share\prims\jni.cpp, line 1107]
Event: 1.064 Thread 0x000002d3cc1f8470 Exception <a 'java/lang/ClassNotFoundException'{0x00000007128ec018}: javax/management/remote/rmi/RMIConnectionImpl_Skel> (0x00000007128ec018) 
thrown [s\src\hotspot\share\classfile\systemDictionary.cpp, line 256]
Event: 1.070 Thread 0x000002d3cc1f8470 Exception <a 'java/lang/reflect/InvocationTargetException'{0x000000071299b458}> (0x000000071299b458) 
thrown [s\src\hotspot\share\runtime\reflection.cpp, line 1121]
Event: 1.073 Thread 0x000002d3cc1f8470 Exception <a 'java/lang/NoSuchMethodError'{0x00000007129c4f48}: static [Ljava/lang/StackTraceElement;.<clinit>()V> (0x00000007129c4f48) 
thrown [s\src\hotspot\share\prims\jni.cpp, line 1107]
Event: 1.075 Thread 0x000002d3cbaacbf0 Exception <a 'java/lang/NoSuchMethodError'{0x00000007129e6480}: 'void java.lang.invoke.DirectMethodHandle$Holder.invokeSpecial(java.lang.Object, java.lang.Object, java.lang.Object)'> (0x00000007129e6480) 
thrown [s\src\hotspot\share\interpreter\linkResolver.cpp, line 759]
Event: 1.081 Thread 0x000002d3cbaacbf0 Exception <a 'java/lang/IncompatibleClassChangeError'{0x000000071266a7e8}: Found class java.lang.Object, but interface was expected> (0x000000071266a7e8) 
thrown [s\src\hotspot\share\interpreter\linkResolver.cpp, line 826]

VM Operations (20 events):
Event: 0.453 Executing VM operation: HandshakeAllThreads
Event: 0.453 Executing VM operation: HandshakeAllThreads done
Event: 0.595 Executing VM operation: G1CollectForAllocation
Event: 0.599 Executing VM operation: G1CollectForAllocation done
Event: 0.680 Executing VM operation: HandshakeAllThreads
Event: 0.680 Executing VM operation: HandshakeAllThreads done
Event: 0.878 Executing VM operation: ICBufferFull
Event: 0.878 Executing VM operation: ICBufferFull done
Event: 0.911 Executing VM operation: HandshakeAllThreads
Event: 0.911 Executing VM operation: HandshakeAllThreads done
Event: 0.912 Executing VM operation: HandshakeAllThreads
Event: 0.912 Executing VM operation: HandshakeAllThreads done
Event: 0.914 Executing VM operation: G1CollectForAllocation
Event: 0.917 Executing VM operation: G1CollectForAllocation done
Event: 1.029 Executing VM operation: HandshakeAllThreads
Event: 1.029 Executing VM operation: HandshakeAllThreads done
Event: 1.031 Executing VM operation: HandshakeAllThreads
Event: 1.031 Executing VM operation: HandshakeAllThreads done
Event: 1.064 Executing VM operation: HandshakeAllThreads
Event: 1.064 Executing VM operation: HandshakeAllThreads done

Events (20 events):
Event: 1.071 loading class java/io/PrintWriter
Event: 1.071 loading class java/io/PrintWriter done
Event: 1.071 loading class java/lang/Throwable$PrintStreamOrWriter
Event: 1.071 loading class java/lang/Throwable$PrintStreamOrWriter done
Event: 1.075 loading class java/rmi/AccessException
Event: 1.075 loading class java/rmi/AccessException done
Event: 1.076 loading class java/rmi/server/UnicastRemoteObject
Event: 1.076 Thread 0x000002d3cc240b70 Thread exited: 0x000002d3cc240b70
Event: 1.076 loading class java/rmi/server/UnicastRemoteObject done
Event: 1.079 Thread 0x000002d3cc240b70 Thread added: 0x000002d3cc240b70
Event: 1.095 loading class java/util/regex/PatternSyntaxException
Event: 1.095 loading class java/util/regex/PatternSyntaxException done
Event: 1.096 loading class javax/xml/stream/XMLStreamException
Event: 1.096 loading class javax/xml/stream/XMLStreamException done
Event: 1.102 loading class java/io/NotSerializableException
Event: 1.102 loading class java/io/ObjectStreamException
Event: 1.102 loading class java/io/ObjectStreamException done
Event: 1.102 loading class java/io/NotSerializableException done
Event: 1.105 loading class javax/xml/transform/Source
Event: 1.105 loading class javax/xml/transform/Source done


Dynamic libraries:
0x00007ff6cdfe0000 - 0x00007ff6cdfee000 	C:\Program Files\Java\jdk-17.0.8.1+1\bin\java.exe
0x00007ffa41df0000 - 0x00007ffa41fe8000 	C:\WINDOWS\SYSTEM32\ntdll.dll
0x00007ffa3fe20000 - 0x00007ffa3fedd000 	C:\WINDOWS\System32\KERNEL32.DLL
0x00007ffa3f8a0000 - 0x00007ffa3fb96000 	C:\WINDOWS\System32\KERNELBASE.dll
0x00007ffa3fc70000 - 0x00007ffa3fd70000 	C:\WINDOWS\System32\ucrtbase.dll
0x00007ffa361b0000 - 0x00007ffa361c9000 	C:\Program Files\Java\jdk-17.0.8.1+1\bin\VCRUNTIME140.dll
0x00007ffa36360000 - 0x00007ffa36377000 	C:\Program Files\Java\jdk-17.0.8.1+1\bin\jli.dll
0x00007ffa408f0000 - 0x00007ffa40a8f000 	C:\WINDOWS\System32\USER32.dll
0x00007ffa3f4a0000 - 0x00007ffa3f4c2000 	C:\WINDOWS\System32\win32u.dll
0x00007ffa29e20000 - 0x00007ffa2a0ba000 	C:\WINDOWS\WinSxS\amd64_microsoft.windows.common-controls_6595b64144ccf1df_6.0.19041.3636_none_60b6a03d71f818d5\COMCTL32.dll
0x00007ffa41b10000 - 0x00007ffa41b3b000 	C:\WINDOWS\System32\GDI32.dll
0x00007ffa40200000 - 0x00007ffa4029e000 	C:\WINDOWS\System32\msvcrt.dll
0x00007ffa3f4d0000 - 0x00007ffa3f5e7000 	C:\WINDOWS\System32\gdi32full.dll
0x00007ffa3fba0000 - 0x00007ffa3fc3d000 	C:\WINDOWS\System32\msvcp_win.dll
0x00007ffa40090000 - 0x00007ffa400c2000 	C:\WINDOWS\System32\IMM32.DLL
0x00007ffa3ab30000 - 0x00007ffa3ab3c000 	C:\Program Files\Java\jdk-17.0.8.1+1\bin\vcruntime140_1.dll
0x00007ffa15f70000 - 0x00007ffa16001000 	C:\Program Files\Java\jdk-17.0.8.1+1\bin\msvcp140.dll
0x00007ffa0abb0000 - 0x00007ffa0b7fc000 	C:\Program Files\Java\jdk-17.0.8.1+1\bin\server\jvm.dll
0x00007ffa40680000 - 0x00007ffa40730000 	C:\WINDOWS\System32\ADVAPI32.dll
0x00007ffa41bb0000 - 0x00007ffa41c50000 	C:\WINDOWS\System32\sechost.dll
0x00007ffa400d0000 - 0x00007ffa401f3000 	C:\WINDOWS\System32\RPCRT4.dll
0x00007ffa3fc40000 - 0x00007ffa3fc67000 	C:\WINDOWS\System32\bcrypt.dll
0x00007ffa24280000 - 0x00007ffa242a7000 	C:\WINDOWS\SYSTEM32\WINMM.dll
0x00007ffa37ef0000 - 0x00007ffa37efa000 	C:\WINDOWS\SYSTEM32\VERSION.dll
0x00007ffa26020000 - 0x00007ffa26029000 	C:\WINDOWS\SYSTEM32\WSOCK32.dll
0x00007ffa3ea30000 - 0x00007ffa3ea7b000 	C:\WINDOWS\SYSTEM32\POWRPROF.dll
0x00007ffa407e0000 - 0x00007ffa4084b000 	C:\WINDOWS\System32\WS2_32.dll
0x00007ffa3e8a0000 - 0x00007ffa3e8b2000 	C:\WINDOWS\SYSTEM32\UMPDC.dll
0x00007ffa3d230000 - 0x00007ffa3d242000 	C:\WINDOWS\SYSTEM32\kernel.appcore.dll
0x00007ffa390e0000 - 0x00007ffa390ea000 	C:\Program Files\Java\jdk-17.0.8.1+1\bin\jimage.dll
0x00007ffa3ad20000 - 0x00007ffa3af04000 	C:\WINDOWS\SYSTEM32\DBGHELP.DLL
0x00007ffa232b0000 - 0x00007ffa232e4000 	C:\WINDOWS\SYSTEM32\dbgcore.DLL
0x00007ffa3f7c0000 - 0x00007ffa3f842000 	C:\WINDOWS\System32\bcryptPrimitives.dll
0x00007ffa36340000 - 0x00007ffa3634e000 	C:\Program Files\Java\jdk-17.0.8.1+1\bin\instrument.dll
0x00007ffa257a0000 - 0x00007ffa257c5000 	C:\Program Files\Java\jdk-17.0.8.1+1\bin\java.dll
0x00007ffa14800000 - 0x00007ffa148d6000 	C:\Program Files\Java\jdk-17.0.8.1+1\bin\jsvml.dll
0x00007ffa40f00000 - 0x00007ffa4166b000 	C:\WINDOWS\System32\SHELL32.dll
0x00007ffa3d530000 - 0x00007ffa3dcce000 	C:\WINDOWS\SYSTEM32\windows.storage.dll
0x00007ffa416e0000 - 0x00007ffa41a33000 	C:\WINDOWS\System32\combase.dll
0x00007ffa3eed0000 - 0x00007ffa3eefe000 	C:\WINDOWS\SYSTEM32\Wldp.dll
0x00007ffa41a40000 - 0x00007ffa41b0d000 	C:\WINDOWS\System32\OLEAUT32.dll
0x00007ffa403d0000 - 0x00007ffa4047d000 	C:\WINDOWS\System32\SHCORE.dll
0x00007ffa41c50000 - 0x00007ffa41ca5000 	C:\WINDOWS\System32\shlwapi.dll
0x00007ffa3f3d0000 - 0x00007ffa3f3f3000 	C:\WINDOWS\SYSTEM32\profapi.dll
0x00007ffa253c0000 - 0x00007ffa253d8000 	C:\Program Files\Java\jdk-17.0.8.1+1\bin\zip.dll
0x00007ffa264f0000 - 0x00007ffa26509000 	C:\Program Files\Java\jdk-17.0.8.1+1\bin\net.dll
0x00007ffa3a210000 - 0x00007ffa3a31a000 	C:\WINDOWS\SYSTEM32\WINHTTP.dll
0x00007ffa3ec30000 - 0x00007ffa3ec9a000 	C:\WINDOWS\system32\mswsock.dll
0x00007ffa25770000 - 0x00007ffa25785000 	C:\Program Files\Java\jdk-17.0.8.1+1\bin\nio.dll
0x00007ffa29410000 - 0x00007ffa2942a000 	E:\JetBrains\IntelliJ IDEA 2023.2\bin\breakgen64.dll
0x00007ffa3e910000 - 0x00007ffa3e9db000 	C:\WINDOWS\SYSTEM32\DNSAPI.dll
0x00007ffa3e8c0000 - 0x00007ffa3e8fb000 	C:\WINDOWS\SYSTEM32\IPHLPAPI.DLL
0x00007ffa41ba0000 - 0x00007ffa41ba8000 	C:\WINDOWS\System32\NSI.dll
0x00007ffa37e50000 - 0x00007ffa37e5a000 	C:\Windows\System32\rasadhlp.dll
0x00007ffa36790000 - 0x00007ffa36810000 	C:\WINDOWS\System32\fwpuclnt.dll
0x00007ffa307d0000 - 0x00007ffa307d9000 	C:\Program Files\Java\jdk-17.0.8.1+1\bin\management.dll
0x00007ffa30230000 - 0x00007ffa3023b000 	C:\Program Files\Java\jdk-17.0.8.1+1\bin\management_ext.dll
0x00007ffa41670000 - 0x00007ffa41678000 	C:\WINDOWS\System32\PSAPI.DLL
0x00007ffa3ee20000 - 0x00007ffa3ee38000 	C:\WINDOWS\SYSTEM32\CRYPTSP.dll
0x00007ffa3e4d0000 - 0x00007ffa3e504000 	C:\WINDOWS\system32\rsaenh.dll
0x00007ffa3f390000 - 0x00007ffa3f3be000 	C:\WINDOWS\SYSTEM32\USERENV.dll
0x00007ffa3ee40000 - 0x00007ffa3ee4c000 	C:\WINDOWS\SYSTEM32\CRYPTBASE.dll
0x00007ffa387b0000 - 0x00007ffa387c7000 	C:\WINDOWS\SYSTEM32\dhcpcsvc6.DLL
0x00007ffa38750000 - 0x00007ffa3876d000 	C:\WINDOWS\SYSTEM32\dhcpcsvc.DLL
0x00007ffa25cc0000 - 0x00007ffa25cd7000 	C:\WINDOWS\system32\napinsp.dll
0x00007ffa0fb10000 - 0x00007ffa0fb2b000 	C:\WINDOWS\system32\pnrpnsp.dll
0x00007ffa0faf0000 - 0x00007ffa0fb05000 	C:\WINDOWS\system32\wshbth.dll
0x00007ffa3aaa0000 - 0x00007ffa3aabd000 	C:\WINDOWS\system32\NLAapi.dll
0x00007ffa0eb70000 - 0x00007ffa0eb82000 	C:\WINDOWS\System32\winrnr.dll

dbghelp: loaded successfully - version: 4.0.5 - missing functions: none
symbol engine: initialized successfully - sym options: 0x614 - pdb path: .;C:\Program Files\Java\jdk-17.0.8.1+1\bin;C:\WINDOWS\SYSTEM32;C:\WINDOWS\WinSxS\amd64_microsoft.windows.common-controls_6595b64144ccf1df_6.0.19041.3636_none_60b6a03d71f818d5;C:\Program Files\Java\jdk-17.0.8.1+1\bin\server;E:\JetBrains\IntelliJ IDEA 2023.2\bin

VM Arguments:
jvm_args: -XX:TieredStopAtLevel=1 -Dspring.output.ansi.enabled=always -Dcom.sun.management.jmxremote -Dspring.jmx.enabled=true -Dspring.liveBeansView.mbeanDomain -Dspring.application.admin.enabled=true -Dmanagement.endpoints.jmx.exposure.include=* -javaagent:E:\JetBrains\IntelliJ IDEA 2023.2\lib\idea_rt.jar=53174:E:\JetBrains\IntelliJ IDEA 2023.2\bin -Dfile.encoding=UTF-8 
java_command: com.heyu.train.business.config.BusinessApplication
java_class_path (initial): E:\IdeaProhect\train12306\business\target\classes;E:\IdeaProhect\train12306\common\target\classes;E:\repository\org\springframework\boot\spring-boot-starter-web\3.0.0\spring-boot-starter-web-3.0.0.jar;E:\repository\org\springframework\boot\spring-boot-starter-json\3.0.0\spring-boot-starter-json-3.0.0.jar;E:\repository\com\fasterxml\jackson\core\jackson-databind\2.14.1\jackson-databind-2.14.1.jar;E:\repository\com\fasterxml\jackson\core\jackson-core\2.14.1\jackson-core-2.14.1.jar;E:\repository\com\fasterxml\jackson\datatype\jackson-datatype-jdk8\2.14.1\jackson-datatype-jdk8-2.14.1.jar;E:\repository\com\fasterxml\jackson\datatype\jackson-datatype-jsr310\2.14.1\jackson-datatype-jsr310-2.14.1.jar;E:\repository\com\fasterxml\jackson\module\jackson-module-parameter-names\2.14.1\jackson-module-parameter-names-2.14.1.jar;E:\repository\org\springframework\boot\spring-boot-starter-tomcat\3.0.0\spring-boot-starter-tomcat-3.0.0.jar;E:\repository\org\apache\tomcat\embed\tomcat-embed-core\10.1.1\tomcat-embed-core-10.1.1.jar;E:\repository\org\apache\tomcat\embed\tomcat-embed-websocket\10.1.1\tomcat-embed-websocket-10.1.1.jar;E:\repository\org\springframework\spring-web\6.0.2\spring-web-6.0.2.jar;E:\repository\io\micrometer\micrometer-observation\1.10.2\micrometer-observation-1.10.2.jar;E:\repository\io\micrometer\micrometer-commons\1.10.2\micrometer-commons-1.10.2.jar;E:\repository\org\springframework\spring-webmvc\6.0.2\spring-webmvc-6.0.2.jar;E:\repository\org\springframework\spring-expression\6.0.2\spring-expression-6.0.2.jar;E:\repository\org\springframework\boot\spring-boot-starter-aop\3.0.0\spring-boot-starter-aop-3.0.0.jar;E:\repository\org\springframework\spring-aop\6.0.2\spring-aop-6.0.2.jar;E:\repository\org\aspectj\aspectjweaver\1.9.9.1\aspectjweaver-1.9.9.1.jar;E:\repository\com\github\pagehelper\pagehelper-spring-boot-starter\1.4.6\pagehelper-spring-boot-starter-1.4.6.jar;E:\repository\com\github\pagehelper\pagehelper-spring-boot-autoconfi
Launcher Type: SUN_STANDARD

[Global flags]
     intx CICompilerCount                          = 4                                         {product} {ergonomic}
     uint ConcGCThreads                            = 2                                         {product} {ergonomic}
     uint G1ConcRefinementThreads                  = 8                                         {product} {ergonomic}
   size_t G1HeapRegionSize                         = 2097152                                   {product} {ergonomic}
    uintx GCDrainStackTargetSize                   = 64                                        {product} {ergonomic}
   size_t InitialHeapSize                          = 266338304                                 {product} {ergonomic}
     bool ManagementServer                         = true                                      {product} {command line}
   size_t MarkStackSize                            = 4194304                                   {product} {ergonomic}
   size_t MaxHeapSize                              = 4238344192                                {product} {ergonomic}
   size_t MaxNewSize                               = 2541748224                                {product} {ergonomic}
   size_t MinHeapDeltaBytes                        = 2097152                                   {product} {ergonomic}
   size_t MinHeapSize                              = 8388608                                   {product} {ergonomic}
    uintx NonProfiledCodeHeapSize                  = 0                                      {pd product} {ergonomic}
     bool ProfileInterpreter                       = false                                  {pd product} {command line}
    uintx ProfiledCodeHeapSize                     = 0                                      {pd product} {ergonomic}
   size_t SoftMaxHeapSize                          = 4238344192                             {manageable} {ergonomic}
     intx TieredStopAtLevel                        = 1                                         {product} {command line}
     bool UseCompressedClassPointers               = true                           {product lp64_product} {ergonomic}
     bool UseCompressedOops                        = true                           {product lp64_product} {ergonomic}
     bool UseG1GC                                  = true                                      {product} {ergonomic}
     bool UseLargePagesIndividualAllocation        = false                                  {pd product} {ergonomic}

Logging:
Log output configuration:
 #0: stdout all=warning uptime,level,tags
 #1: stderr all=off uptime,level,tags

Environment Variables:
JAVA_HOME=D:\Graalvm\graalvm-ce-java17-22.3.0
CLASSPATH=.;D:\Graalvm\graalvm-ce-java17-22.3.0\lib\dt.jar;D:\Graalvm\graalvm-ce-java17-22.3.0 \lib\tools.jar
PATH=C:\Program Files\Java\jdk-17.0.8.1+1\bin;E:\bin\;D:\ffmpeg-2023-04-17-git-65e537b833-full_build\bin;C:\Program Files (x86)\Common Files\Intel\Shared Libraries\redist\intel64_win\compiler;C:\Program Files (x86)\Common Files\Intel\Shared Libraries\redist\intel64\compiler;C:\Program Files\Common Files\Oracle\Java\javapath;C:\Program Files\MySQL\MySQL Server 8.0\bin;C:\Program Files\PlasticSCM5\server;C:\Program Files\PlasticSCM5\client;C:\WINDOWS\system32;C:\WINDOWS;C:\WINDOWS\System32\Wbem;C:\WINDOWS\System32\WindowsPowerShell\v1.0\;C:\WINDOWS\System32\OpenSSH\;C:\Program Files\Microsoft SQL Server\150\Tools\Binn\;C:\Program Files\Microsoft SQL Server\Client SDK\ODBC\170\Tools\Binn\;C:\Program Files\dotnet\;C:\Program Files\Common Files\Autodesk Shared\;C:\Program Files (x86)\QuickTime\QTSystem\;C:\Program Files\Java\jdk-19\bin;C:\Program Files\Java\jdk-19\jre\bin;E:\Xftp 7\;C:\Program Files\Go\bin;E:\Git\cmd;E:\ (5)\web\dll;D:\Redis\;C:\ProgramData\chocolatey\bin;E:\nvm;E:\Node;C:\Program Files\Java\jdk-17.0.8.1+1\bin;C:\Users\lenovo\AppData\Local\Programs\Python\Python310\Scripts\;C:\Users\lenovo\AppData\Local\Programs\Python\Python310\;C:\Program Files\MySQL\MySQL Shell 8.0\bin\;C:\Users\lenovo\AppData\Local\Microsoft\WindowsApps;E:\JetBrains\IntelliJ IDEA 2023.2\bin;;C:\Users\lenovo\.dotnet\tools;E:\apache-maven-3.8.4\bin;C:\Users\lenovo\AppData\Roaming\Tencent\QQGameTempest\Hall.57821\;C:\Users\lenovo\.dotnet\tools;C:\Users\lenovo\go\bin;E:\JetBrains\\GoLand 2023.2\bin;;C:\Users\lenovo\AppData\Roaming\npm;E:\Microsoft VS Code\bin;E:\Pycharm\PyCharm 2023.2.1\bin;;E:\nvm;E:\Node;
USERNAME=lenovo
OS=Windows_NT
PROCESSOR_IDENTIFIER=Intel64 Family 6 Model 140 Stepping 1, GenuineIntel
TMP=C:\Users\lenovo\AppData\Local\Temp
TEMP=C:\Users\lenovo\AppData\Local\Temp



---------------  S Y S T E M  ---------------

OS:
 Windows 10 , 64 bit Build 19041 (10.0.19041.3636)
OS uptime: 1 days 7:01 hours

CPU: total 8 (initial active 8) (4 cores per cpu, 2 threads per core) family 6 model 140 stepping 1 microcode 0x8a, cx8, cmov, fxsr, ht, mmx, 3dnowpref, sse, sse2, sse3, ssse3, sse4.1, sse4.2, popcnt, lzcnt, tsc, tscinvbit, avx, avx2, aes, erms, clmul, bmi1, bmi2, adx, avx512f, avx512dq, avx512cd, avx512bw, avx512vl, sha, fma, vzeroupper, avx512_vpopcntdq, avx512_vpclmulqdq, avx512_vaes, avx512_vnni, clflush, clflushopt, clwb, avx512_vbmi2, avx512_vbmi
Processor Information for all 8 processors :
  Max Mhz: 3110, Current Mhz: 3110, Mhz Limit: 3110

Memory: 4k page, system-wide physical 16167M (714M free)
TotalPageFile size 18732M (AvailPageFile size 401M)
current process WorkingSet (physical memory assigned to process): 100M, peak: 100M
current process commit charge ("private bytes"): 368M, peak: 368M

vm_info: OpenJDK 64-Bit Server VM (17.0.8.1+1) for windows-amd64 JRE (17.0.8.1+1), built on Aug 23 2023 15:29:17 by "admin" with MS VC++ 16.7 (VS2019)

END.
